ARM GAS  /tmp/cc3rQoLT.s 			page 1


   1              		.cpu cortex-m7
   2              		.eabi_attribute 27, 1
   3              		.eabi_attribute 28, 1
   4              		.eabi_attribute 20, 1
   5              		.eabi_attribute 21, 1
   6              		.eabi_attribute 23, 3
   7              		.eabi_attribute 24, 1
   8              		.eabi_attribute 25, 1
   9              		.eabi_attribute 26, 1
  10              		.eabi_attribute 30, 2
  11              		.eabi_attribute 34, 1
  12              		.eabi_attribute 18, 4
  13              		.file	"chdebug.c"
  14              		.text
  15              	.Ltext0:
  16              		.cfi_sections	.debug_frame
  17              	.Letext0:
  18              		.file 1 "/home/nicolas/arm/gcc-arm-none-eabi-8-2019-q3-update/lib/gcc/arm-none-eabi/8.3.1/include/
  19              		.file 2 "/home/nicolas/arm/gcc-arm-none-eabi-8-2019-q3-update/arm-none-eabi/include/machine/_defau
  20              		.file 3 "/home/nicolas/arm/gcc-arm-none-eabi-8-2019-q3-update/arm-none-eabi/include/sys/_stdint.h"
  21              		.file 4 "../../../external/ChibiOS/os/common/ports/ARMCMx/compilers/GCC/chtypes.h"
  22              		.file 5 "../../../external/ChibiOS/os/rt/include/chsystypes.h"
  23              		.file 6 "../../../external/ChibiOS/os/rt/include/chschd.h"
  24              		.file 7 "../../../external/ChibiOS/os/rt/include/chtime.h"
  25              		.file 8 "../../../external/ChibiOS/os/common/ext/ARM/CMSIS/Core/Include/core_cm7.h"
  26              		.file 9 "../../../external/ChibiOS/os/common/ext/ST/STM32H7xx/system_stm32h7xx.h"
  27              		.file 10 "../../../external/ChibiOS/os/common/ports/ARMCMx/chcore.h"
  28              		.file 11 "../../../external/ChibiOS/os/common/ports/ARMCMx/chcore_v7m.h"
  29              		.file 12 "../../../external/ChibiOS/os/rt/include/chtrace.h"
  30              		.file 13 "../../../external/ChibiOS/os/rt/include/chtm.h"
  31              		.file 14 "../../../external/ChibiOS/os/rt/include/chsem.h"
  32              		.file 15 "../../../external/ChibiOS/os/rt/include/chmtx.h"
  33              		.file 16 "../../../external/ChibiOS/os/rt/include/chsys.h"
  34              		.file 17 "../../../external/ChibiOS/os/rt/include/chregistry.h"
  35              		.file 18 "../../../external/ChibiOS/os/oslib/include/chmemcore.h"
  36              		.file 19 "../../../external/ChibiOS/os/oslib/include/chmempools.h"
  37              		.file 20 "../../../external/ChibiOS/os/oslib/include/chfactory.h"
  38              		.section	.debug_info,"",%progbits
  39              	.Ldebug_info0:
  40 0000 830C0000 		.4byte	0xc83
  41 0004 0400     		.2byte	0x4
  42 0006 00000000 		.4byte	.Ldebug_abbrev0
  43 000a 04       		.byte	0x4
  44 000b 01       		.uleb128 0x1
  45 000c EA030000 		.4byte	.LASF155
  46 0010 0C       		.byte	0xc
  47 0011 2F060000 		.4byte	.LASF156
  48 0015 90010000 		.4byte	.LASF157
  49 0019 00000000 		.4byte	.Ldebug_line0
  50 001d 02       		.uleb128 0x2
  51 001e 04       		.byte	0x4
  52 001f 05       		.byte	0x5
  53 0020 696E7400 		.ascii	"int\000"
  54 0024 03       		.uleb128 0x3
  55 0025 C7010000 		.4byte	.LASF4
  56 0029 01       		.byte	0x1
  57 002a D8       		.byte	0xd8
ARM GAS  /tmp/cc3rQoLT.s 			page 2


  58 002b 17       		.byte	0x17
  59 002c 30000000 		.4byte	0x30
  60 0030 04       		.uleb128 0x4
  61 0031 04       		.byte	0x4
  62 0032 07       		.byte	0x7
  63 0033 1D020000 		.4byte	.LASF0
  64 0037 04       		.uleb128 0x4
  65 0038 08       		.byte	0x8
  66 0039 05       		.byte	0x5
  67 003a E0000000 		.4byte	.LASF1
  68 003e 04       		.uleb128 0x4
  69 003f 08       		.byte	0x8
  70 0040 04       		.byte	0x4
  71 0041 11060000 		.4byte	.LASF2
  72 0045 04       		.uleb128 0x4
  73 0046 01       		.byte	0x1
  74 0047 06       		.byte	0x6
  75 0048 EE000000 		.4byte	.LASF3
  76 004c 03       		.uleb128 0x3
  77 004d 30000000 		.4byte	.LASF5
  78 0051 02       		.byte	0x2
  79 0052 2B       		.byte	0x2b
  80 0053 18       		.byte	0x18
  81 0054 58000000 		.4byte	0x58
  82 0058 04       		.uleb128 0x4
  83 0059 01       		.byte	0x1
  84 005a 08       		.byte	0x8
  85 005b B3060000 		.4byte	.LASF6
  86 005f 04       		.uleb128 0x4
  87 0060 02       		.byte	0x2
  88 0061 05       		.byte	0x5
  89 0062 46050000 		.4byte	.LASF7
  90 0066 03       		.uleb128 0x3
  91 0067 66060000 		.4byte	.LASF8
  92 006b 02       		.byte	0x2
  93 006c 39       		.byte	0x39
  94 006d 19       		.byte	0x19
  95 006e 72000000 		.4byte	0x72
  96 0072 04       		.uleb128 0x4
  97 0073 02       		.byte	0x2
  98 0074 07       		.byte	0x7
  99 0075 7C050000 		.4byte	.LASF9
 100 0079 03       		.uleb128 0x3
 101 007a 1E030000 		.4byte	.LASF10
 102 007e 02       		.byte	0x2
 103 007f 4D       		.byte	0x4d
 104 0080 18       		.byte	0x18
 105 0081 85000000 		.4byte	0x85
 106 0085 04       		.uleb128 0x4
 107 0086 04       		.byte	0x4
 108 0087 05       		.byte	0x5
 109 0088 2E010000 		.4byte	.LASF11
 110 008c 03       		.uleb128 0x3
 111 008d 85010000 		.4byte	.LASF12
 112 0091 02       		.byte	0x2
 113 0092 4F       		.byte	0x4f
 114 0093 19       		.byte	0x19
ARM GAS  /tmp/cc3rQoLT.s 			page 3


 115 0094 98000000 		.4byte	0x98
 116 0098 04       		.uleb128 0x4
 117 0099 04       		.byte	0x4
 118 009a 07       		.byte	0x7
 119 009b FA000000 		.4byte	.LASF13
 120 009f 03       		.uleb128 0x3
 121 00a0 D5030000 		.4byte	.LASF14
 122 00a4 02       		.byte	0x2
 123 00a5 69       		.byte	0x69
 124 00a6 19       		.byte	0x19
 125 00a7 AB000000 		.4byte	0xab
 126 00ab 04       		.uleb128 0x4
 127 00ac 08       		.byte	0x8
 128 00ad 07       		.byte	0x7
 129 00ae 11010000 		.4byte	.LASF15
 130 00b2 03       		.uleb128 0x3
 131 00b3 84060000 		.4byte	.LASF16
 132 00b7 03       		.byte	0x3
 133 00b8 18       		.byte	0x18
 134 00b9 13       		.byte	0x13
 135 00ba 4C000000 		.4byte	0x4c
 136 00be 05       		.uleb128 0x5
 137 00bf B2000000 		.4byte	0xb2
 138 00c3 03       		.uleb128 0x3
 139 00c4 56010000 		.4byte	.LASF17
 140 00c8 03       		.byte	0x3
 141 00c9 24       		.byte	0x24
 142 00ca 14       		.byte	0x14
 143 00cb 66000000 		.4byte	0x66
 144 00cf 03       		.uleb128 0x3
 145 00d0 16050000 		.4byte	.LASF18
 146 00d4 03       		.byte	0x3
 147 00d5 2C       		.byte	0x2c
 148 00d6 13       		.byte	0x13
 149 00d7 79000000 		.4byte	0x79
 150 00db 06       		.uleb128 0x6
 151 00dc CF000000 		.4byte	0xcf
 152 00e0 03       		.uleb128 0x3
 153 00e1 EB050000 		.4byte	.LASF19
 154 00e5 03       		.byte	0x3
 155 00e6 30       		.byte	0x30
 156 00e7 14       		.byte	0x14
 157 00e8 8C000000 		.4byte	0x8c
 158 00ec 03       		.uleb128 0x3
 159 00ed 27000000 		.4byte	.LASF20
 160 00f1 03       		.byte	0x3
 161 00f2 3C       		.byte	0x3c
 162 00f3 14       		.byte	0x14
 163 00f4 9F000000 		.4byte	0x9f
 164 00f8 03       		.uleb128 0x3
 165 00f9 68030000 		.4byte	.LASF21
 166 00fd 04       		.byte	0x4
 167 00fe 27       		.byte	0x27
 168 00ff 1D       		.byte	0x1d
 169 0100 E0000000 		.4byte	0xe0
 170 0104 03       		.uleb128 0x3
 171 0105 F3020000 		.4byte	.LASF22
ARM GAS  /tmp/cc3rQoLT.s 			page 4


 172 0109 04       		.byte	0x4
 173 010a 2A       		.byte	0x2a
 174 010b 1D       		.byte	0x1d
 175 010c B2000000 		.4byte	0xb2
 176 0110 03       		.uleb128 0x3
 177 0111 37010000 		.4byte	.LASF23
 178 0115 04       		.byte	0x4
 179 0116 2B       		.byte	0x2b
 180 0117 1D       		.byte	0x1d
 181 0118 B2000000 		.4byte	0xb2
 182 011c 03       		.uleb128 0x3
 183 011d BC040000 		.4byte	.LASF24
 184 0121 04       		.byte	0x4
 185 0122 2C       		.byte	0x2c
 186 0123 1D       		.byte	0x1d
 187 0124 B2000000 		.4byte	0xb2
 188 0128 03       		.uleb128 0x3
 189 0129 F3040000 		.4byte	.LASF25
 190 012d 04       		.byte	0x4
 191 012e 2E       		.byte	0x2e
 192 012f 1D       		.byte	0x1d
 193 0130 E0000000 		.4byte	0xe0
 194 0134 03       		.uleb128 0x3
 195 0135 BE020000 		.4byte	.LASF26
 196 0139 04       		.byte	0x4
 197 013a 2F       		.byte	0x2f
 198 013b 1D       		.byte	0x1d
 199 013c CF000000 		.4byte	0xcf
 200 0140 03       		.uleb128 0x3
 201 0141 09030000 		.4byte	.LASF27
 202 0145 04       		.byte	0x4
 203 0146 31       		.byte	0x31
 204 0147 1D       		.byte	0x1d
 205 0148 E0000000 		.4byte	0xe0
 206 014c 03       		.uleb128 0x3
 207 014d 0E020000 		.4byte	.LASF28
 208 0151 04       		.byte	0x4
 209 0152 33       		.byte	0x33
 210 0153 1D       		.byte	0x1d
 211 0154 CF000000 		.4byte	0xcf
 212 0158 03       		.uleb128 0x3
 213 0159 C4020000 		.4byte	.LASF29
 214 015d 04       		.byte	0x4
 215 015e 34       		.byte	0x34
 216 015f 1D       		.byte	0x1d
 217 0160 E0000000 		.4byte	0xe0
 218 0164 03       		.uleb128 0x3
 219 0165 71060000 		.4byte	.LASF30
 220 0169 05       		.byte	0x5
 221 016a 34       		.byte	0x34
 222 016b 1A       		.byte	0x1a
 223 016c 70010000 		.4byte	0x170
 224 0170 07       		.uleb128 0x7
 225 0171 B4020000 		.4byte	.LASF48
 226 0175 44       		.byte	0x44
 227 0176 06       		.byte	0x6
 228 0177 8E       		.byte	0x8e
ARM GAS  /tmp/cc3rQoLT.s 			page 5


 229 0178 08       		.byte	0x8
 230 0179 60020000 		.4byte	0x260
 231 017d 08       		.uleb128 0x8
 232 017e 96020000 		.4byte	.LASF31
 233 0182 06       		.byte	0x6
 234 0183 8F       		.byte	0x8f
 235 0184 19       		.byte	0x19
 236 0185 99020000 		.4byte	0x299
 237 0189 00       		.byte	0
 238 018a 08       		.uleb128 0x8
 239 018b C8030000 		.4byte	.LASF32
 240 018f 06       		.byte	0x6
 241 0190 90       		.byte	0x90
 242 0191 19       		.byte	0x19
 243 0192 28010000 		.4byte	0x128
 244 0196 08       		.byte	0x8
 245 0197 09       		.uleb128 0x9
 246 0198 63747800 		.ascii	"ctx\000"
 247 019c 06       		.byte	0x6
 248 019d 91       		.byte	0x91
 249 019e 19       		.byte	0x19
 250 019f 7A060000 		.4byte	0x67a
 251 01a3 0C       		.byte	0xc
 252 01a4 08       		.uleb128 0x8
 253 01a5 49030000 		.4byte	.LASF33
 254 01a9 06       		.byte	0x6
 255 01aa 93       		.byte	0x93
 256 01ab 1A       		.byte	0x1a
 257 01ac 6C020000 		.4byte	0x26c
 258 01b0 10       		.byte	0x10
 259 01b1 08       		.uleb128 0x8
 260 01b2 29060000 		.4byte	.LASF34
 261 01b6 06       		.byte	0x6
 262 01b7 94       		.byte	0x94
 263 01b8 1A       		.byte	0x1a
 264 01b9 6C020000 		.4byte	0x26c
 265 01bd 14       		.byte	0x14
 266 01be 08       		.uleb128 0x8
 267 01bf 91020000 		.4byte	.LASF35
 268 01c3 06       		.byte	0x6
 269 01c4 9B       		.byte	0x9b
 270 01c5 1A       		.byte	0x1a
 271 01c6 D7060000 		.4byte	0x6d7
 272 01ca 18       		.byte	0x18
 273 01cb 08       		.uleb128 0x8
 274 01cc 1D060000 		.4byte	.LASF36
 275 01d0 06       		.byte	0x6
 276 01d1 A4       		.byte	0xa4
 277 01d2 1A       		.byte	0x1a
 278 01d3 1E090000 		.4byte	0x91e
 279 01d7 1C       		.byte	0x1c
 280 01d8 08       		.uleb128 0x8
 281 01d9 28010000 		.4byte	.LASF37
 282 01dd 06       		.byte	0x6
 283 01de A9       		.byte	0xa9
 284 01df 19       		.byte	0x19
 285 01e0 10010000 		.4byte	0x110
ARM GAS  /tmp/cc3rQoLT.s 			page 6


 286 01e4 20       		.byte	0x20
 287 01e5 08       		.uleb128 0x8
 288 01e6 FF060000 		.4byte	.LASF38
 289 01ea 06       		.byte	0x6
 290 01eb AD       		.byte	0xad
 291 01ec 19       		.byte	0x19
 292 01ed 04010000 		.4byte	0x104
 293 01f1 21       		.byte	0x21
 294 01f2 08       		.uleb128 0x8
 295 01f3 CF040000 		.4byte	.LASF39
 296 01f7 06       		.byte	0x6
 297 01f8 B2       		.byte	0xb2
 298 01f9 19       		.byte	0x19
 299 01fa 1C010000 		.4byte	0x11c
 300 01fe 22       		.byte	0x22
 301 01ff 0A       		.uleb128 0xa
 302 0200 7500     		.ascii	"u\000"
 303 0202 06       		.byte	0x6
 304 0203 0301     		.2byte	0x103
 305 0205 19       		.byte	0x19
 306 0206 44080000 		.4byte	0x844
 307 020a 24       		.byte	0x24
 308 020b 0B       		.uleb128 0xb
 309 020c CE010000 		.4byte	.LASF40
 310 0210 06       		.byte	0x6
 311 0211 0801     		.2byte	0x108
 312 0213 19       		.byte	0x19
 313 0214 72020000 		.4byte	0x272
 314 0218 28       		.byte	0x28
 315 0219 0B       		.uleb128 0xb
 316 021a 14020000 		.4byte	.LASF41
 317 021e 06       		.byte	0x6
 318 021f 0E01     		.2byte	0x10e
 319 0221 19       		.byte	0x19
 320 0222 99020000 		.4byte	0x299
 321 0226 2C       		.byte	0x2c
 322 0227 0B       		.uleb128 0xb
 323 0228 CB020000 		.4byte	.LASF42
 324 022c 06       		.byte	0x6
 325 022d 1401     		.2byte	0x114
 326 022f 19       		.byte	0x19
 327 0230 40010000 		.4byte	0x140
 328 0234 34       		.byte	0x34
 329 0235 0B       		.uleb128 0xb
 330 0236 64070000 		.4byte	.LASF43
 331 023a 06       		.byte	0x6
 332 023b 1B01     		.2byte	0x11b
 333 023d 1A       		.byte	0x1a
 334 023e 18090000 		.4byte	0x918
 335 0242 38       		.byte	0x38
 336 0243 0B       		.uleb128 0xb
 337 0244 57030000 		.4byte	.LASF44
 338 0248 06       		.byte	0x6
 339 0249 1F01     		.2byte	0x11f
 340 024b 19       		.byte	0x19
 341 024c 28010000 		.4byte	0x128
 342 0250 3C       		.byte	0x3c
ARM GAS  /tmp/cc3rQoLT.s 			page 7


 343 0251 0B       		.uleb128 0xb
 344 0252 9C020000 		.4byte	.LASF45
 345 0256 06       		.byte	0x6
 346 0257 2601     		.2byte	0x126
 347 0259 1A       		.byte	0x1a
 348 025a 59030000 		.4byte	0x359
 349 025e 40       		.byte	0x40
 350 025f 00       		.byte	0
 351 0260 03       		.uleb128 0x3
 352 0261 0F070000 		.4byte	.LASF46
 353 0265 05       		.byte	0x5
 354 0266 39       		.byte	0x39
 355 0267 14       		.byte	0x14
 356 0268 6C020000 		.4byte	0x26c
 357 026c 0C       		.uleb128 0xc
 358 026d 04       		.byte	0x4
 359 026e 64010000 		.4byte	0x164
 360 0272 03       		.uleb128 0x3
 361 0273 2B070000 		.4byte	.LASF47
 362 0277 05       		.byte	0x5
 363 0278 3E       		.byte	0x3e
 364 0279 20       		.byte	0x20
 365 027a 7E020000 		.4byte	0x27e
 366 027e 07       		.uleb128 0x7
 367 027f FB050000 		.4byte	.LASF49
 368 0283 04       		.byte	0x4
 369 0284 06       		.byte	0x6
 370 0285 7C       		.byte	0x7c
 371 0286 08       		.byte	0x8
 372 0287 99020000 		.4byte	0x299
 373 028b 08       		.uleb128 0x8
 374 028c AB000000 		.4byte	.LASF50
 375 0290 06       		.byte	0x6
 376 0291 7D       		.byte	0x7d
 377 0292 1A       		.byte	0x1a
 378 0293 6C020000 		.4byte	0x26c
 379 0297 00       		.byte	0
 380 0298 00       		.byte	0
 381 0299 03       		.uleb128 0x3
 382 029a D4060000 		.4byte	.LASF51
 383 029e 05       		.byte	0x5
 384 029f 45       		.byte	0x45
 385 02a0 21       		.byte	0x21
 386 02a1 A5020000 		.4byte	0x2a5
 387 02a5 07       		.uleb128 0x7
 388 02a6 B0000000 		.4byte	.LASF52
 389 02aa 08       		.byte	0x8
 390 02ab 06       		.byte	0x6
 391 02ac 83       		.byte	0x83
 392 02ad 08       		.byte	0x8
 393 02ae CD020000 		.4byte	0x2cd
 394 02b2 08       		.uleb128 0x8
 395 02b3 AB000000 		.4byte	.LASF50
 396 02b7 06       		.byte	0x6
 397 02b8 84       		.byte	0x84
 398 02b9 1A       		.byte	0x1a
 399 02ba 6C020000 		.4byte	0x26c
ARM GAS  /tmp/cc3rQoLT.s 			page 8


 400 02be 00       		.byte	0
 401 02bf 08       		.uleb128 0x8
 402 02c0 3A000000 		.4byte	.LASF53
 403 02c4 06       		.byte	0x6
 404 02c5 85       		.byte	0x85
 405 02c6 1A       		.byte	0x1a
 406 02c7 6C020000 		.4byte	0x26c
 407 02cb 04       		.byte	0x4
 408 02cc 00       		.byte	0
 409 02cd 03       		.uleb128 0x3
 410 02ce 00000000 		.4byte	.LASF54
 411 02d2 05       		.byte	0x5
 412 02d3 4C       		.byte	0x4c
 413 02d4 1E       		.byte	0x1e
 414 02d5 D9020000 		.4byte	0x2d9
 415 02d9 0D       		.uleb128 0xd
 416 02da FB020000 		.4byte	.LASF55
 417 02de 1C       		.byte	0x1c
 418 02df 06       		.byte	0x6
 419 02e0 5E01     		.2byte	0x15e
 420 02e2 08       		.byte	0x8
 421 02e3 3C030000 		.4byte	0x33c
 422 02e7 0B       		.uleb128 0xb
 423 02e8 96020000 		.4byte	.LASF31
 424 02ec 06       		.byte	0x6
 425 02ed 5F01     		.2byte	0x15f
 426 02ef 19       		.byte	0x19
 427 02f0 99020000 		.4byte	0x299
 428 02f4 00       		.byte	0
 429 02f5 0B       		.uleb128 0xb
 430 02f6 C8030000 		.4byte	.LASF32
 431 02fa 06       		.byte	0x6
 432 02fb 6001     		.2byte	0x160
 433 02fd 19       		.byte	0x19
 434 02fe 28010000 		.4byte	0x128
 435 0302 08       		.byte	0x8
 436 0303 0A       		.uleb128 0xa
 437 0304 63747800 		.ascii	"ctx\000"
 438 0308 06       		.byte	0x6
 439 0309 6201     		.2byte	0x162
 440 030b 19       		.byte	0x19
 441 030c 7A060000 		.4byte	0x67a
 442 0310 0C       		.byte	0xc
 443 0311 0B       		.uleb128 0xb
 444 0312 49030000 		.4byte	.LASF33
 445 0316 06       		.byte	0x6
 446 0317 6501     		.2byte	0x165
 447 0319 1A       		.byte	0x1a
 448 031a 6C020000 		.4byte	0x26c
 449 031e 10       		.byte	0x10
 450 031f 0B       		.uleb128 0xb
 451 0320 29060000 		.4byte	.LASF34
 452 0324 06       		.byte	0x6
 453 0325 6601     		.2byte	0x166
 454 0327 1A       		.byte	0x1a
 455 0328 6C020000 		.4byte	0x26c
 456 032c 14       		.byte	0x14
ARM GAS  /tmp/cc3rQoLT.s 			page 9


 457 032d 0B       		.uleb128 0xb
 458 032e CD030000 		.4byte	.LASF56
 459 0332 06       		.byte	0x6
 460 0333 6901     		.2byte	0x169
 461 0335 1A       		.byte	0x1a
 462 0336 6C020000 		.4byte	0x26c
 463 033a 18       		.byte	0x18
 464 033b 00       		.byte	0
 465 033c 03       		.uleb128 0x3
 466 033d 3A070000 		.4byte	.LASF57
 467 0341 05       		.byte	0x5
 468 0342 51       		.byte	0x51
 469 0343 10       		.byte	0x10
 470 0344 48030000 		.4byte	0x348
 471 0348 0C       		.uleb128 0xc
 472 0349 04       		.byte	0x4
 473 034a 4E030000 		.4byte	0x34e
 474 034e 0E       		.uleb128 0xe
 475 034f 59030000 		.4byte	0x359
 476 0353 0F       		.uleb128 0xf
 477 0354 59030000 		.4byte	0x359
 478 0358 00       		.byte	0
 479 0359 10       		.uleb128 0x10
 480 035a 04       		.byte	0x4
 481 035b 03       		.uleb128 0x3
 482 035c D4040000 		.4byte	.LASF58
 483 0360 05       		.byte	0x5
 484 0361 56       		.byte	0x56
 485 0362 21       		.byte	0x21
 486 0363 67030000 		.4byte	0x367
 487 0367 0D       		.uleb128 0xd
 488 0368 9F050000 		.4byte	.LASF59
 489 036c 14       		.byte	0x14
 490 036d 06       		.byte	0x6
 491 036e 3901     		.2byte	0x139
 492 0370 08       		.byte	0x8
 493 0371 BC030000 		.4byte	0x3bc
 494 0375 0B       		.uleb128 0xb
 495 0376 AB000000 		.4byte	.LASF50
 496 037a 06       		.byte	0x6
 497 037b 3A01     		.2byte	0x13a
 498 037d 1A       		.byte	0x1a
 499 037e 24090000 		.4byte	0x924
 500 0382 00       		.byte	0
 501 0383 0B       		.uleb128 0xb
 502 0384 3A000000 		.4byte	.LASF53
 503 0388 06       		.byte	0x6
 504 0389 3B01     		.2byte	0x13b
 505 038b 1A       		.byte	0x1a
 506 038c 24090000 		.4byte	0x924
 507 0390 04       		.byte	0x4
 508 0391 0B       		.uleb128 0xb
 509 0392 98000000 		.4byte	.LASF60
 510 0396 06       		.byte	0x6
 511 0397 3C01     		.2byte	0x13c
 512 0399 19       		.byte	0x19
 513 039a B6040000 		.4byte	0x4b6
ARM GAS  /tmp/cc3rQoLT.s 			page 10


 514 039e 08       		.byte	0x8
 515 039f 0B       		.uleb128 0xb
 516 03a0 51010000 		.4byte	.LASF61
 517 03a4 06       		.byte	0x6
 518 03a5 3D01     		.2byte	0x13d
 519 03a7 19       		.byte	0x19
 520 03a8 3C030000 		.4byte	0x33c
 521 03ac 0C       		.byte	0xc
 522 03ad 0A       		.uleb128 0xa
 523 03ae 70617200 		.ascii	"par\000"
 524 03b2 06       		.byte	0x6
 525 03b3 3F01     		.2byte	0x13f
 526 03b5 1A       		.byte	0x1a
 527 03b6 59030000 		.4byte	0x359
 528 03ba 10       		.byte	0x10
 529 03bb 00       		.byte	0
 530 03bc 03       		.uleb128 0x3
 531 03bd 28030000 		.4byte	.LASF62
 532 03c1 05       		.byte	0x5
 533 03c2 5B       		.byte	0x5b
 534 03c3 28       		.byte	0x28
 535 03c4 C8030000 		.4byte	0x3c8
 536 03c8 0D       		.uleb128 0xd
 537 03c9 F7010000 		.4byte	.LASF63
 538 03cd 10       		.byte	0x10
 539 03ce 06       		.byte	0x6
 540 03cf 4901     		.2byte	0x149
 541 03d1 08       		.byte	0x8
 542 03d2 0F040000 		.4byte	0x40f
 543 03d6 0B       		.uleb128 0xb
 544 03d7 AB000000 		.4byte	.LASF50
 545 03db 06       		.byte	0x6
 546 03dc 4A01     		.2byte	0x14a
 547 03de 1A       		.byte	0x1a
 548 03df 24090000 		.4byte	0x924
 549 03e3 00       		.byte	0
 550 03e4 0B       		.uleb128 0xb
 551 03e5 3A000000 		.4byte	.LASF53
 552 03e9 06       		.byte	0x6
 553 03ea 4C01     		.2byte	0x14c
 554 03ec 1A       		.byte	0x1a
 555 03ed 24090000 		.4byte	0x924
 556 03f1 04       		.byte	0x4
 557 03f2 0B       		.uleb128 0xb
 558 03f3 98000000 		.4byte	.LASF60
 559 03f7 06       		.byte	0x6
 560 03f8 4E01     		.2byte	0x14e
 561 03fa 19       		.byte	0x19
 562 03fb B6040000 		.4byte	0x4b6
 563 03ff 08       		.byte	0x8
 564 0400 0B       		.uleb128 0xb
 565 0401 50050000 		.4byte	.LASF64
 566 0405 06       		.byte	0x6
 567 0406 5601     		.2byte	0x156
 568 0408 19       		.byte	0x19
 569 0409 AA040000 		.4byte	0x4aa
 570 040d 0C       		.byte	0xc
ARM GAS  /tmp/cc3rQoLT.s 			page 11


 571 040e 00       		.byte	0
 572 040f 03       		.uleb128 0x3
 573 0410 52020000 		.4byte	.LASF65
 574 0414 05       		.byte	0x5
 575 0415 60       		.byte	0x60
 576 0416 20       		.byte	0x20
 577 0417 1B040000 		.4byte	0x41b
 578 041b 11       		.uleb128 0x11
 579 041c 00050000 		.4byte	.LASF66
 580 0420 0C08     		.2byte	0x80c
 581 0422 06       		.byte	0x6
 582 0423 7001     		.2byte	0x170
 583 0425 08       		.byte	0x8
 584 0426 47040000 		.4byte	0x447
 585 042a 0B       		.uleb128 0xb
 586 042b 8C060000 		.4byte	.LASF67
 587 042f 06       		.byte	0x6
 588 0430 7801     		.2byte	0x178
 589 0432 24       		.byte	0x24
 590 0433 DD060000 		.4byte	0x6dd
 591 0437 00       		.byte	0
 592 0438 0B       		.uleb128 0xb
 593 0439 4D070000 		.4byte	.LASF68
 594 043d 06       		.byte	0x6
 595 043e 8701     		.2byte	0x187
 596 0440 19       		.byte	0x19
 597 0441 15080000 		.4byte	0x815
 598 0445 04       		.byte	0x4
 599 0446 00       		.byte	0
 600 0447 03       		.uleb128 0x3
 601 0448 DF020000 		.4byte	.LASF69
 602 044c 05       		.byte	0x5
 603 044d 65       		.byte	0x65
 604 044e 1A       		.byte	0x1a
 605 044f 53040000 		.4byte	0x453
 606 0453 11       		.uleb128 0x11
 607 0454 67050000 		.4byte	.LASF70
 608 0458 8008     		.2byte	0x880
 609 045a 06       		.byte	0x6
 610 045b 9001     		.2byte	0x190
 611 045d 08       		.byte	0x8
 612 045e AA040000 		.4byte	0x4aa
 613 0462 0B       		.uleb128 0xb
 614 0463 F0060000 		.4byte	.LASF71
 615 0467 06       		.byte	0x6
 616 0468 9401     		.2byte	0x194
 617 046a 19       		.byte	0x19
 618 046b CD020000 		.4byte	0x2cd
 619 046f 00       		.byte	0
 620 0470 0B       		.uleb128 0xb
 621 0471 4B000000 		.4byte	.LASF72
 622 0475 06       		.byte	0x6
 623 0476 9801     		.2byte	0x198
 624 0478 19       		.byte	0x19
 625 0479 BC030000 		.4byte	0x3bc
 626 047d 1C       		.byte	0x1c
 627 047e 0A       		.uleb128 0xa
ARM GAS  /tmp/cc3rQoLT.s 			page 12


 628 047f 64626700 		.ascii	"dbg\000"
 629 0483 06       		.byte	0x6
 630 0484 9C01     		.2byte	0x19c
 631 0486 19       		.byte	0x19
 632 0487 0F040000 		.4byte	0x40f
 633 048b 2C       		.byte	0x2c
 634 048c 12       		.uleb128 0x12
 635 048d 85000000 		.4byte	.LASF73
 636 0491 06       		.byte	0x6
 637 0492 A001     		.2byte	0x1a0
 638 0494 19       		.byte	0x19
 639 0495 64010000 		.4byte	0x164
 640 0499 3808     		.2byte	0x838
 641 049b 13       		.uleb128 0x13
 642 049c 746D00   		.ascii	"tm\000"
 643 049f 06       		.byte	0x6
 644 04a0 A501     		.2byte	0x1a5
 645 04a2 19       		.byte	0x19
 646 04a3 38080000 		.4byte	0x838
 647 04a7 7C08     		.2byte	0x87c
 648 04a9 00       		.byte	0
 649 04aa 03       		.uleb128 0x3
 650 04ab 7A060000 		.4byte	.LASF74
 651 04af 07       		.byte	0x7
 652 04b0 6D       		.byte	0x6d
 653 04b1 12       		.byte	0x12
 654 04b2 E0000000 		.4byte	0xe0
 655 04b6 03       		.uleb128 0x3
 656 04b7 E9010000 		.4byte	.LASF75
 657 04bb 07       		.byte	0x7
 658 04bc 79       		.byte	0x79
 659 04bd 12       		.byte	0x12
 660 04be E0000000 		.4byte	0xe0
 661 04c2 14       		.uleb128 0x14
 662 04c3 9E000000 		.4byte	.LASF76
 663 04c7 08       		.byte	0x8
 664 04c8 220A     		.2byte	0xa22
 665 04ca 19       		.byte	0x19
 666 04cb DB000000 		.4byte	0xdb
 667 04cf 15       		.uleb128 0x15
 668 04d0 2A020000 		.4byte	.LASF77
 669 04d4 09       		.byte	0x9
 670 04d5 3A       		.byte	0x3a
 671 04d6 11       		.byte	0x11
 672 04d7 E0000000 		.4byte	0xe0
 673 04db 15       		.uleb128 0x15
 674 04dc CA000000 		.4byte	.LASF78
 675 04e0 09       		.byte	0x9
 676 04e1 3B       		.byte	0x3b
 677 04e2 11       		.byte	0x11
 678 04e3 E0000000 		.4byte	0xe0
 679 04e7 16       		.uleb128 0x16
 680 04e8 BE000000 		.4byte	0xbe
 681 04ec F7040000 		.4byte	0x4f7
 682 04f0 17       		.uleb128 0x17
 683 04f1 30000000 		.4byte	0x30
 684 04f5 0F       		.byte	0xf
ARM GAS  /tmp/cc3rQoLT.s 			page 13


 685 04f6 00       		.byte	0
 686 04f7 05       		.uleb128 0x5
 687 04f8 E7040000 		.4byte	0x4e7
 688 04fc 15       		.uleb128 0x15
 689 04fd 41020000 		.4byte	.LASF79
 690 0501 09       		.byte	0x9
 691 0502 3C       		.byte	0x3c
 692 0503 17       		.byte	0x17
 693 0504 F7040000 		.4byte	0x4f7
 694 0508 03       		.uleb128 0x3
 695 0509 3E030000 		.4byte	.LASF80
 696 050d 0A       		.byte	0xa
 697 050e 68       		.byte	0x68
 698 050f 12       		.byte	0x12
 699 0510 EC000000 		.4byte	0xec
 700 0514 0D       		.uleb128 0xd
 701 0515 3F000000 		.4byte	.LASF81
 702 0519 64       		.byte	0x64
 703 051a 0B       		.byte	0xb
 704 051b 8501     		.2byte	0x185
 705 051d 08       		.byte	0x8
 706 051e 7A060000 		.4byte	0x67a
 707 0522 0A       		.uleb128 0xa
 708 0523 73313600 		.ascii	"s16\000"
 709 0527 0B       		.byte	0xb
 710 0528 8D01     		.2byte	0x18d
 711 052a 11       		.byte	0x11
 712 052b E0000000 		.4byte	0xe0
 713 052f 00       		.byte	0
 714 0530 0A       		.uleb128 0xa
 715 0531 73313700 		.ascii	"s17\000"
 716 0535 0B       		.byte	0xb
 717 0536 8E01     		.2byte	0x18e
 718 0538 11       		.byte	0x11
 719 0539 E0000000 		.4byte	0xe0
 720 053d 04       		.byte	0x4
 721 053e 0A       		.uleb128 0xa
 722 053f 73313800 		.ascii	"s18\000"
 723 0543 0B       		.byte	0xb
 724 0544 8F01     		.2byte	0x18f
 725 0546 11       		.byte	0x11
 726 0547 E0000000 		.4byte	0xe0
 727 054b 08       		.byte	0x8
 728 054c 0A       		.uleb128 0xa
 729 054d 73313900 		.ascii	"s19\000"
 730 0551 0B       		.byte	0xb
 731 0552 9001     		.2byte	0x190
 732 0554 11       		.byte	0x11
 733 0555 E0000000 		.4byte	0xe0
 734 0559 0C       		.byte	0xc
 735 055a 0A       		.uleb128 0xa
 736 055b 73323000 		.ascii	"s20\000"
 737 055f 0B       		.byte	0xb
 738 0560 9101     		.2byte	0x191
 739 0562 11       		.byte	0x11
 740 0563 E0000000 		.4byte	0xe0
 741 0567 10       		.byte	0x10
ARM GAS  /tmp/cc3rQoLT.s 			page 14


 742 0568 0A       		.uleb128 0xa
 743 0569 73323100 		.ascii	"s21\000"
 744 056d 0B       		.byte	0xb
 745 056e 9201     		.2byte	0x192
 746 0570 11       		.byte	0x11
 747 0571 E0000000 		.4byte	0xe0
 748 0575 14       		.byte	0x14
 749 0576 0A       		.uleb128 0xa
 750 0577 73323200 		.ascii	"s22\000"
 751 057b 0B       		.byte	0xb
 752 057c 9301     		.2byte	0x193
 753 057e 11       		.byte	0x11
 754 057f E0000000 		.4byte	0xe0
 755 0583 18       		.byte	0x18
 756 0584 0A       		.uleb128 0xa
 757 0585 73323300 		.ascii	"s23\000"
 758 0589 0B       		.byte	0xb
 759 058a 9401     		.2byte	0x194
 760 058c 11       		.byte	0x11
 761 058d E0000000 		.4byte	0xe0
 762 0591 1C       		.byte	0x1c
 763 0592 0A       		.uleb128 0xa
 764 0593 73323400 		.ascii	"s24\000"
 765 0597 0B       		.byte	0xb
 766 0598 9501     		.2byte	0x195
 767 059a 11       		.byte	0x11
 768 059b E0000000 		.4byte	0xe0
 769 059f 20       		.byte	0x20
 770 05a0 0A       		.uleb128 0xa
 771 05a1 73323500 		.ascii	"s25\000"
 772 05a5 0B       		.byte	0xb
 773 05a6 9601     		.2byte	0x196
 774 05a8 11       		.byte	0x11
 775 05a9 E0000000 		.4byte	0xe0
 776 05ad 24       		.byte	0x24
 777 05ae 0A       		.uleb128 0xa
 778 05af 73323600 		.ascii	"s26\000"
 779 05b3 0B       		.byte	0xb
 780 05b4 9701     		.2byte	0x197
 781 05b6 11       		.byte	0x11
 782 05b7 E0000000 		.4byte	0xe0
 783 05bb 28       		.byte	0x28
 784 05bc 0A       		.uleb128 0xa
 785 05bd 73323700 		.ascii	"s27\000"
 786 05c1 0B       		.byte	0xb
 787 05c2 9801     		.2byte	0x198
 788 05c4 11       		.byte	0x11
 789 05c5 E0000000 		.4byte	0xe0
 790 05c9 2C       		.byte	0x2c
 791 05ca 0A       		.uleb128 0xa
 792 05cb 73323800 		.ascii	"s28\000"
 793 05cf 0B       		.byte	0xb
 794 05d0 9901     		.2byte	0x199
 795 05d2 11       		.byte	0x11
 796 05d3 E0000000 		.4byte	0xe0
 797 05d7 30       		.byte	0x30
 798 05d8 0A       		.uleb128 0xa
ARM GAS  /tmp/cc3rQoLT.s 			page 15


 799 05d9 73323900 		.ascii	"s29\000"
 800 05dd 0B       		.byte	0xb
 801 05de 9A01     		.2byte	0x19a
 802 05e0 11       		.byte	0x11
 803 05e1 E0000000 		.4byte	0xe0
 804 05e5 34       		.byte	0x34
 805 05e6 0A       		.uleb128 0xa
 806 05e7 73333000 		.ascii	"s30\000"
 807 05eb 0B       		.byte	0xb
 808 05ec 9B01     		.2byte	0x19b
 809 05ee 11       		.byte	0x11
 810 05ef E0000000 		.4byte	0xe0
 811 05f3 38       		.byte	0x38
 812 05f4 0A       		.uleb128 0xa
 813 05f5 73333100 		.ascii	"s31\000"
 814 05f9 0B       		.byte	0xb
 815 05fa 9C01     		.2byte	0x19c
 816 05fc 11       		.byte	0x11
 817 05fd E0000000 		.4byte	0xe0
 818 0601 3C       		.byte	0x3c
 819 0602 0A       		.uleb128 0xa
 820 0603 723400   		.ascii	"r4\000"
 821 0606 0B       		.byte	0xb
 822 0607 9E01     		.2byte	0x19e
 823 0609 11       		.byte	0x11
 824 060a E0000000 		.4byte	0xe0
 825 060e 40       		.byte	0x40
 826 060f 0A       		.uleb128 0xa
 827 0610 723500   		.ascii	"r5\000"
 828 0613 0B       		.byte	0xb
 829 0614 9F01     		.2byte	0x19f
 830 0616 11       		.byte	0x11
 831 0617 E0000000 		.4byte	0xe0
 832 061b 44       		.byte	0x44
 833 061c 0A       		.uleb128 0xa
 834 061d 723600   		.ascii	"r6\000"
 835 0620 0B       		.byte	0xb
 836 0621 A001     		.2byte	0x1a0
 837 0623 11       		.byte	0x11
 838 0624 E0000000 		.4byte	0xe0
 839 0628 48       		.byte	0x48
 840 0629 0A       		.uleb128 0xa
 841 062a 723700   		.ascii	"r7\000"
 842 062d 0B       		.byte	0xb
 843 062e A101     		.2byte	0x1a1
 844 0630 11       		.byte	0x11
 845 0631 E0000000 		.4byte	0xe0
 846 0635 4C       		.byte	0x4c
 847 0636 0A       		.uleb128 0xa
 848 0637 723800   		.ascii	"r8\000"
 849 063a 0B       		.byte	0xb
 850 063b A201     		.2byte	0x1a2
 851 063d 11       		.byte	0x11
 852 063e E0000000 		.4byte	0xe0
 853 0642 50       		.byte	0x50
 854 0643 0A       		.uleb128 0xa
 855 0644 723900   		.ascii	"r9\000"
ARM GAS  /tmp/cc3rQoLT.s 			page 16


 856 0647 0B       		.byte	0xb
 857 0648 A301     		.2byte	0x1a3
 858 064a 11       		.byte	0x11
 859 064b E0000000 		.4byte	0xe0
 860 064f 54       		.byte	0x54
 861 0650 0A       		.uleb128 0xa
 862 0651 72313000 		.ascii	"r10\000"
 863 0655 0B       		.byte	0xb
 864 0656 A401     		.2byte	0x1a4
 865 0658 11       		.byte	0x11
 866 0659 E0000000 		.4byte	0xe0
 867 065d 58       		.byte	0x58
 868 065e 0A       		.uleb128 0xa
 869 065f 72313100 		.ascii	"r11\000"
 870 0663 0B       		.byte	0xb
 871 0664 A501     		.2byte	0x1a5
 872 0666 11       		.byte	0x11
 873 0667 E0000000 		.4byte	0xe0
 874 066b 5C       		.byte	0x5c
 875 066c 0A       		.uleb128 0xa
 876 066d 6C7200   		.ascii	"lr\000"
 877 0670 0B       		.byte	0xb
 878 0671 A601     		.2byte	0x1a6
 879 0673 11       		.byte	0x11
 880 0674 E0000000 		.4byte	0xe0
 881 0678 60       		.byte	0x60
 882 0679 00       		.byte	0
 883 067a 0D       		.uleb128 0xd
 884 067b AA030000 		.4byte	.LASF82
 885 067f 04       		.byte	0x4
 886 0680 0B       		.byte	0xb
 887 0681 A901     		.2byte	0x1a9
 888 0683 08       		.byte	0x8
 889 0684 96060000 		.4byte	0x696
 890 0688 0A       		.uleb128 0xa
 891 0689 737000   		.ascii	"sp\000"
 892 068c 0B       		.byte	0xb
 893 068d AA01     		.2byte	0x1aa
 894 068f 1A       		.byte	0x1a
 895 0690 96060000 		.4byte	0x696
 896 0694 00       		.byte	0
 897 0695 00       		.byte	0
 898 0696 0C       		.uleb128 0xc
 899 0697 04       		.byte	0x4
 900 0698 14050000 		.4byte	0x514
 901 069c 18       		.uleb128 0x18
 902 069d 08       		.byte	0x8
 903 069e 0C       		.byte	0xc
 904 069f 7F       		.byte	0x7f
 905 06a0 05       		.byte	0x5
 906 06a1 C0060000 		.4byte	0x6c0
 907 06a5 09       		.uleb128 0x9
 908 06a6 6E747000 		.ascii	"ntp\000"
 909 06aa 0C       		.byte	0xc
 910 06ab 83       		.byte	0x83
 911 06ac 1E       		.byte	0x1e
 912 06ad 6C020000 		.4byte	0x26c
ARM GAS  /tmp/cc3rQoLT.s 			page 17


 913 06b1 00       		.byte	0
 914 06b2 08       		.uleb128 0x8
 915 06b3 59050000 		.4byte	.LASF83
 916 06b7 0C       		.byte	0xc
 917 06b8 87       		.byte	0x87
 918 06b9 1E       		.byte	0x1e
 919 06ba 59030000 		.4byte	0x359
 920 06be 04       		.byte	0x4
 921 06bf 00       		.byte	0
 922 06c0 18       		.uleb128 0x18
 923 06c1 04       		.byte	0x4
 924 06c2 0C       		.byte	0xc
 925 06c3 8C       		.byte	0x8c
 926 06c4 05       		.byte	0x5
 927 06c5 D7060000 		.4byte	0x6d7
 928 06c9 08       		.uleb128 0x8
 929 06ca 91020000 		.4byte	.LASF35
 930 06ce 0C       		.byte	0xc
 931 06cf 90       		.byte	0x90
 932 06d0 1E       		.byte	0x1e
 933 06d1 D7060000 		.4byte	0x6d7
 934 06d5 00       		.byte	0
 935 06d6 00       		.byte	0
 936 06d7 0C       		.uleb128 0xc
 937 06d8 04       		.byte	0x4
 938 06d9 E9060000 		.4byte	0x6e9
 939 06dd 06       		.uleb128 0x6
 940 06de D7060000 		.4byte	0x6d7
 941 06e2 04       		.uleb128 0x4
 942 06e3 01       		.byte	0x1
 943 06e4 08       		.byte	0x8
 944 06e5 24060000 		.4byte	.LASF84
 945 06e9 05       		.uleb128 0x5
 946 06ea E2060000 		.4byte	0x6e2
 947 06ee 18       		.uleb128 0x18
 948 06ef 04       		.byte	0x4
 949 06f0 0C       		.byte	0xc
 950 06f1 95       		.byte	0x95
 951 06f2 05       		.byte	0x5
 952 06f3 05070000 		.4byte	0x705
 953 06f7 08       		.uleb128 0x8
 954 06f8 98050000 		.4byte	.LASF85
 955 06fc 0C       		.byte	0xc
 956 06fd 99       		.byte	0x99
 957 06fe 1E       		.byte	0x1e
 958 06ff D7060000 		.4byte	0x6d7
 959 0703 00       		.byte	0
 960 0704 00       		.byte	0
 961 0705 18       		.uleb128 0x18
 962 0706 08       		.byte	0x8
 963 0707 0C       		.byte	0xc
 964 0708 9E       		.byte	0x9e
 965 0709 05       		.byte	0x5
 966 070a 29070000 		.4byte	0x729
 967 070e 09       		.uleb128 0x9
 968 070f 75703100 		.ascii	"up1\000"
 969 0713 0C       		.byte	0xc
ARM GAS  /tmp/cc3rQoLT.s 			page 18


 970 0714 A2       		.byte	0xa2
 971 0715 1E       		.byte	0x1e
 972 0716 59030000 		.4byte	0x359
 973 071a 00       		.byte	0
 974 071b 09       		.uleb128 0x9
 975 071c 75703200 		.ascii	"up2\000"
 976 0720 0C       		.byte	0xc
 977 0721 A6       		.byte	0xa6
 978 0722 1E       		.byte	0x1e
 979 0723 59030000 		.4byte	0x359
 980 0727 04       		.byte	0x4
 981 0728 00       		.byte	0
 982 0729 19       		.uleb128 0x19
 983 072a 08       		.byte	0x8
 984 072b 0C       		.byte	0xc
 985 072c 7B       		.byte	0x7b
 986 072d 03       		.byte	0x3
 987 072e 62070000 		.4byte	0x762
 988 0732 1A       		.uleb128 0x1a
 989 0733 737700   		.ascii	"sw\000"
 990 0736 0C       		.byte	0xc
 991 0737 88       		.byte	0x88
 992 0738 07       		.byte	0x7
 993 0739 9C060000 		.4byte	0x69c
 994 073d 1A       		.uleb128 0x1a
 995 073e 69737200 		.ascii	"isr\000"
 996 0742 0C       		.byte	0xc
 997 0743 91       		.byte	0x91
 998 0744 07       		.byte	0x7
 999 0745 C0060000 		.4byte	0x6c0
 1000 0749 1B       		.uleb128 0x1b
 1001 074a 80000000 		.4byte	.LASF86
 1002 074e 0C       		.byte	0xc
 1003 074f 9A       		.byte	0x9a
 1004 0750 07       		.byte	0x7
 1005 0751 EE060000 		.4byte	0x6ee
 1006 0755 1B       		.uleb128 0x1b
 1007 0756 FB040000 		.4byte	.LASF87
 1008 075a 0C       		.byte	0xc
 1009 075b A7       		.byte	0xa7
 1010 075c 07       		.byte	0x7
 1011 075d 05070000 		.4byte	0x705
 1012 0761 00       		.byte	0
 1013 0762 18       		.uleb128 0x18
 1014 0763 10       		.byte	0x10
 1015 0764 0C       		.byte	0xc
 1016 0765 68       		.byte	0x68
 1017 0766 09       		.byte	0x9
 1018 0767 B4070000 		.4byte	0x7b4
 1019 076b 1C       		.uleb128 0x1c
 1020 076c 5B000000 		.4byte	.LASF88
 1021 0770 0C       		.byte	0xc
 1022 0771 6C       		.byte	0x6c
 1023 0772 19       		.byte	0x19
 1024 0773 E0000000 		.4byte	0xe0
 1025 0777 04       		.byte	0x4
 1026 0778 03       		.byte	0x3
ARM GAS  /tmp/cc3rQoLT.s 			page 19


 1027 0779 1D       		.byte	0x1d
 1028 077a 00       		.byte	0
 1029 077b 1C       		.uleb128 0x1c
 1030 077c 28010000 		.4byte	.LASF37
 1031 0780 0C       		.byte	0xc
 1032 0781 70       		.byte	0x70
 1033 0782 19       		.byte	0x19
 1034 0783 E0000000 		.4byte	0xe0
 1035 0787 04       		.byte	0x4
 1036 0788 05       		.byte	0x5
 1037 0789 18       		.byte	0x18
 1038 078a 00       		.byte	0
 1039 078b 1C       		.uleb128 0x1c
 1040 078c 4F030000 		.4byte	.LASF89
 1041 0790 0C       		.byte	0xc
 1042 0791 76       		.byte	0x76
 1043 0792 19       		.byte	0x19
 1044 0793 E0000000 		.4byte	0xe0
 1045 0797 04       		.byte	0x4
 1046 0798 18       		.byte	0x18
 1047 0799 00       		.byte	0
 1048 079a 00       		.byte	0
 1049 079b 08       		.uleb128 0x8
 1050 079c C3030000 		.4byte	.LASF90
 1051 07a0 0C       		.byte	0xc
 1052 07a1 7A       		.byte	0x7a
 1053 07a2 19       		.byte	0x19
 1054 07a3 AA040000 		.4byte	0x4aa
 1055 07a7 04       		.byte	0x4
 1056 07a8 09       		.uleb128 0x9
 1057 07a9 7500     		.ascii	"u\000"
 1058 07ab 0C       		.byte	0xc
 1059 07ac A8       		.byte	0xa8
 1060 07ad 05       		.byte	0x5
 1061 07ae 29070000 		.4byte	0x729
 1062 07b2 08       		.byte	0x8
 1063 07b3 00       		.byte	0
 1064 07b4 03       		.uleb128 0x3
 1065 07b5 40010000 		.4byte	.LASF91
 1066 07b9 0C       		.byte	0xc
 1067 07ba A9       		.byte	0xa9
 1068 07bb 03       		.byte	0x3
 1069 07bc 62070000 		.4byte	0x762
 1070 07c0 1D       		.uleb128 0x1d
 1071 07c1 0808     		.2byte	0x808
 1072 07c3 0C       		.byte	0xc
 1073 07c4 AF       		.byte	0xaf
 1074 07c5 09       		.byte	0x9
 1075 07c6 FF070000 		.4byte	0x7ff
 1076 07ca 08       		.uleb128 0x8
 1077 07cb 76000000 		.4byte	.LASF92
 1078 07cf 0C       		.byte	0xc
 1079 07d0 B3       		.byte	0xb3
 1080 07d1 19       		.byte	0x19
 1081 07d2 C3000000 		.4byte	0xc3
 1082 07d6 00       		.byte	0
 1083 07d7 08       		.uleb128 0x8
ARM GAS  /tmp/cc3rQoLT.s 			page 20


 1084 07d8 0C010000 		.4byte	.LASF93
 1085 07dc 0C       		.byte	0xc
 1086 07dd B7       		.byte	0xb7
 1087 07de 19       		.byte	0x19
 1088 07df C3000000 		.4byte	0xc3
 1089 07e3 02       		.byte	0x2
 1090 07e4 09       		.uleb128 0x9
 1091 07e5 70747200 		.ascii	"ptr\000"
 1092 07e9 0C       		.byte	0xc
 1093 07ea BB       		.byte	0xbb
 1094 07eb 1A       		.byte	0x1a
 1095 07ec FF070000 		.4byte	0x7ff
 1096 07f0 04       		.byte	0x4
 1097 07f1 08       		.uleb128 0x8
 1098 07f2 75010000 		.4byte	.LASF94
 1099 07f6 0C       		.byte	0xc
 1100 07f7 BF       		.byte	0xbf
 1101 07f8 19       		.byte	0x19
 1102 07f9 05080000 		.4byte	0x805
 1103 07fd 08       		.byte	0x8
 1104 07fe 00       		.byte	0
 1105 07ff 0C       		.uleb128 0xc
 1106 0800 04       		.byte	0x4
 1107 0801 B4070000 		.4byte	0x7b4
 1108 0805 16       		.uleb128 0x16
 1109 0806 B4070000 		.4byte	0x7b4
 1110 080a 15080000 		.4byte	0x815
 1111 080e 17       		.uleb128 0x17
 1112 080f 30000000 		.4byte	0x30
 1113 0813 7F       		.byte	0x7f
 1114 0814 00       		.byte	0
 1115 0815 03       		.uleb128 0x3
 1116 0816 1E050000 		.4byte	.LASF95
 1117 081a 0C       		.byte	0xc
 1118 081b C0       		.byte	0xc0
 1119 081c 03       		.byte	0x3
 1120 081d C0070000 		.4byte	0x7c0
 1121 0821 18       		.uleb128 0x18
 1122 0822 04       		.byte	0x4
 1123 0823 0D       		.byte	0xd
 1124 0824 38       		.byte	0x38
 1125 0825 09       		.byte	0x9
 1126 0826 38080000 		.4byte	0x838
 1127 082a 08       		.uleb128 0x8
 1128 082b 96060000 		.4byte	.LASF96
 1129 082f 0D       		.byte	0xd
 1130 0830 3C       		.byte	0x3c
 1131 0831 19       		.byte	0x19
 1132 0832 F8000000 		.4byte	0xf8
 1133 0836 00       		.byte	0
 1134 0837 00       		.byte	0
 1135 0838 03       		.uleb128 0x3
 1136 0839 99030000 		.4byte	.LASF97
 1137 083d 0D       		.byte	0xd
 1138 083e 3D       		.byte	0x3d
 1139 083f 03       		.byte	0x3
 1140 0840 21080000 		.4byte	0x821
ARM GAS  /tmp/cc3rQoLT.s 			page 21


 1141 0844 19       		.uleb128 0x19
 1142 0845 04       		.byte	0x4
 1143 0846 06       		.byte	0x6
 1144 0847 C6       		.byte	0xc6
 1145 0848 03       		.byte	0x3
 1146 0849 AF080000 		.4byte	0x8af
 1147 084d 1B       		.uleb128 0x1b
 1148 084e 20000000 		.4byte	.LASF98
 1149 0852 06       		.byte	0x6
 1150 0853 CD       		.byte	0xcd
 1151 0854 19       		.byte	0x19
 1152 0855 34010000 		.4byte	0x134
 1153 0859 1B       		.uleb128 0x1b
 1154 085a 7C010000 		.4byte	.LASF99
 1155 085e 06       		.byte	0x6
 1156 085f D4       		.byte	0xd4
 1157 0860 19       		.byte	0x19
 1158 0861 34010000 		.4byte	0x134
 1159 0865 1B       		.uleb128 0x1b
 1160 0866 59050000 		.4byte	.LASF83
 1161 086a 06       		.byte	0x6
 1162 086b DB       		.byte	0xdb
 1163 086c 1A       		.byte	0x1a
 1164 086d 59030000 		.4byte	0x359
 1165 0871 1B       		.uleb128 0x1b
 1166 0872 89030000 		.4byte	.LASF100
 1167 0876 06       		.byte	0x6
 1168 0877 E2       		.byte	0xe2
 1169 0878 1A       		.byte	0x1a
 1170 0879 AF080000 		.4byte	0x8af
 1171 087d 1B       		.uleb128 0x1b
 1172 087e 90000000 		.4byte	.LASF101
 1173 0882 06       		.byte	0x6
 1174 0883 E7       		.byte	0xe7
 1175 0884 19       		.byte	0x19
 1176 0885 34010000 		.4byte	0x134
 1177 0889 1B       		.uleb128 0x1b
 1178 088a 3A020000 		.4byte	.LASF102
 1179 088e 06       		.byte	0x6
 1180 088f F0       		.byte	0xf0
 1181 0890 1A       		.byte	0x1a
 1182 0891 DD080000 		.4byte	0x8dd
 1183 0895 1B       		.uleb128 0x1b
 1184 0896 F4050000 		.4byte	.LASF103
 1185 089a 06       		.byte	0x6
 1186 089b F9       		.byte	0xf9
 1187 089c 1A       		.byte	0x1a
 1188 089d 18090000 		.4byte	0x918
 1189 08a1 1E       		.uleb128 0x1e
 1190 08a2 60050000 		.4byte	.LASF104
 1191 08a6 06       		.byte	0x6
 1192 08a7 0101     		.2byte	0x101
 1193 08a9 19       		.byte	0x19
 1194 08aa 40010000 		.4byte	0x140
 1195 08ae 00       		.byte	0
 1196 08af 0C       		.uleb128 0xc
 1197 08b0 04       		.byte	0x4
ARM GAS  /tmp/cc3rQoLT.s 			page 22


 1198 08b1 60020000 		.4byte	0x260
 1199 08b5 07       		.uleb128 0x7
 1200 08b6 B0050000 		.4byte	.LASF105
 1201 08ba 0C       		.byte	0xc
 1202 08bb 0E       		.byte	0xe
 1203 08bc 34       		.byte	0x34
 1204 08bd 10       		.byte	0x10
 1205 08be DD080000 		.4byte	0x8dd
 1206 08c2 08       		.uleb128 0x8
 1207 08c3 96020000 		.4byte	.LASF31
 1208 08c7 0E       		.byte	0xe
 1209 08c8 35       		.byte	0x35
 1210 08c9 19       		.byte	0x19
 1211 08ca 99020000 		.4byte	0x299
 1212 08ce 00       		.byte	0
 1213 08cf 09       		.uleb128 0x9
 1214 08d0 636E7400 		.ascii	"cnt\000"
 1215 08d4 0E       		.byte	0xe
 1216 08d5 37       		.byte	0x37
 1217 08d6 19       		.byte	0x19
 1218 08d7 4C010000 		.4byte	0x14c
 1219 08db 08       		.byte	0x8
 1220 08dc 00       		.byte	0
 1221 08dd 0C       		.uleb128 0xc
 1222 08de 04       		.byte	0x4
 1223 08df B5080000 		.4byte	0x8b5
 1224 08e3 07       		.uleb128 0x7
 1225 08e4 22070000 		.4byte	.LASF106
 1226 08e8 10       		.byte	0x10
 1227 08e9 0F       		.byte	0xf
 1228 08ea 39       		.byte	0x39
 1229 08eb 08       		.byte	0x8
 1230 08ec 18090000 		.4byte	0x918
 1231 08f0 08       		.uleb128 0x8
 1232 08f1 96020000 		.4byte	.LASF31
 1233 08f5 0F       		.byte	0xf
 1234 08f6 3A       		.byte	0x3a
 1235 08f7 19       		.byte	0x19
 1236 08f8 99020000 		.4byte	0x299
 1237 08fc 00       		.byte	0
 1238 08fd 08       		.uleb128 0x8
 1239 08fe 0B060000 		.4byte	.LASF107
 1240 0902 0F       		.byte	0xf
 1241 0903 3C       		.byte	0x3c
 1242 0904 1A       		.byte	0x1a
 1243 0905 6C020000 		.4byte	0x26c
 1244 0909 08       		.byte	0x8
 1245 090a 08       		.uleb128 0x8
 1246 090b AB000000 		.4byte	.LASF50
 1247 090f 0F       		.byte	0xf
 1248 0910 3E       		.byte	0x3e
 1249 0911 1A       		.byte	0x1a
 1250 0912 7B0A0000 		.4byte	0xa7b
 1251 0916 0C       		.byte	0xc
 1252 0917 00       		.byte	0
 1253 0918 0C       		.uleb128 0xc
 1254 0919 04       		.byte	0x4
ARM GAS  /tmp/cc3rQoLT.s 			page 23


 1255 091a E3080000 		.4byte	0x8e3
 1256 091e 0C       		.uleb128 0xc
 1257 091f 04       		.byte	0x4
 1258 0920 08050000 		.4byte	0x508
 1259 0924 0C       		.uleb128 0xc
 1260 0925 04       		.byte	0x4
 1261 0926 5B030000 		.4byte	0x35b
 1262 092a 1F       		.uleb128 0x1f
 1263 092b 636800   		.ascii	"ch\000"
 1264 092e 06       		.byte	0x6
 1265 092f C701     		.2byte	0x1c7
 1266 0931 14       		.byte	0x14
 1267 0932 47040000 		.4byte	0x447
 1268 0936 16       		.uleb128 0x16
 1269 0937 08050000 		.4byte	0x508
 1270 093b 41090000 		.4byte	0x941
 1271 093f 20       		.uleb128 0x20
 1272 0940 00       		.byte	0
 1273 0941 14       		.uleb128 0x14
 1274 0942 C6050000 		.4byte	.LASF108
 1275 0946 10       		.byte	0x10
 1276 0947 1701     		.2byte	0x117
 1277 0949 13       		.byte	0x13
 1278 094a 36090000 		.4byte	0x936
 1279 094e 18       		.uleb128 0x18
 1280 094f 16       		.byte	0x16
 1281 0950 11       		.byte	0x11
 1282 0951 34       		.byte	0x34
 1283 0952 09       		.byte	0x9
 1284 0953 420A0000 		.4byte	0xa42
 1285 0957 08       		.uleb128 0x8
 1286 0958 C1060000 		.4byte	.LASF109
 1287 095c 11       		.byte	0x11
 1288 095d 35       		.byte	0x35
 1289 095e 0D       		.byte	0xd
 1290 095f 420A0000 		.4byte	0xa42
 1291 0963 00       		.byte	0
 1292 0964 08       		.uleb128 0x8
 1293 0965 D6010000 		.4byte	.LASF110
 1294 0969 11       		.byte	0x11
 1295 096a 36       		.byte	0x36
 1296 096b 0D       		.byte	0xd
 1297 096c B2000000 		.4byte	0xb2
 1298 0970 04       		.byte	0x4
 1299 0971 08       		.uleb128 0x8
 1300 0972 0C010000 		.4byte	.LASF93
 1301 0976 11       		.byte	0x11
 1302 0977 37       		.byte	0x37
 1303 0978 0D       		.byte	0xd
 1304 0979 B2000000 		.4byte	0xb2
 1305 097d 05       		.byte	0x5
 1306 097e 08       		.uleb128 0x8
 1307 097f 60030000 		.4byte	.LASF111
 1308 0983 11       		.byte	0x11
 1309 0984 38       		.byte	0x38
 1310 0985 0D       		.byte	0xd
 1311 0986 C3000000 		.4byte	0xc3
ARM GAS  /tmp/cc3rQoLT.s 			page 24


 1312 098a 06       		.byte	0x6
 1313 098b 08       		.uleb128 0x8
 1314 098c CC060000 		.4byte	.LASF112
 1315 0990 11       		.byte	0x11
 1316 0991 39       		.byte	0x39
 1317 0992 0D       		.byte	0xd
 1318 0993 B2000000 		.4byte	0xb2
 1319 0997 08       		.byte	0x8
 1320 0998 08       		.uleb128 0x8
 1321 0999 D8050000 		.4byte	.LASF113
 1322 099d 11       		.byte	0x11
 1323 099e 3A       		.byte	0x3a
 1324 099f 0D       		.byte	0xd
 1325 09a0 B2000000 		.4byte	0xb2
 1326 09a4 09       		.byte	0x9
 1327 09a5 08       		.uleb128 0x8
 1328 09a6 C4040000 		.4byte	.LASF114
 1329 09aa 11       		.byte	0x11
 1330 09ab 3B       		.byte	0x3b
 1331 09ac 0D       		.byte	0xd
 1332 09ad B2000000 		.4byte	0xb2
 1333 09b1 0A       		.byte	0xa
 1334 09b2 08       		.uleb128 0x8
 1335 09b3 30050000 		.4byte	.LASF115
 1336 09b7 11       		.byte	0x11
 1337 09b8 3C       		.byte	0x3c
 1338 09b9 0D       		.byte	0xd
 1339 09ba B2000000 		.4byte	0xb2
 1340 09be 0B       		.byte	0xb
 1341 09bf 08       		.uleb128 0x8
 1342 09c0 EB020000 		.4byte	.LASF116
 1343 09c4 11       		.byte	0x11
 1344 09c5 3D       		.byte	0x3d
 1345 09c6 0D       		.byte	0xd
 1346 09c7 B2000000 		.4byte	0xb2
 1347 09cb 0C       		.byte	0xc
 1348 09cc 08       		.uleb128 0x8
 1349 09cd 8F030000 		.4byte	.LASF117
 1350 09d1 11       		.byte	0x11
 1351 09d2 3E       		.byte	0x3e
 1352 09d3 0D       		.byte	0xd
 1353 09d4 B2000000 		.4byte	0xb2
 1354 09d8 0D       		.byte	0xd
 1355 09d9 08       		.uleb128 0x8
 1356 09da 9D060000 		.4byte	.LASF118
 1357 09de 11       		.byte	0x11
 1358 09df 3F       		.byte	0x3f
 1359 09e0 0D       		.byte	0xd
 1360 09e1 B2000000 		.4byte	0xb2
 1361 09e5 0E       		.byte	0xe
 1362 09e6 08       		.uleb128 0x8
 1363 09e7 15030000 		.4byte	.LASF119
 1364 09eb 11       		.byte	0x11
 1365 09ec 40       		.byte	0x40
 1366 09ed 0D       		.byte	0xd
 1367 09ee B2000000 		.4byte	0xb2
 1368 09f2 0F       		.byte	0xf
ARM GAS  /tmp/cc3rQoLT.s 			page 25


 1369 09f3 08       		.uleb128 0x8
 1370 09f4 39050000 		.4byte	.LASF120
 1371 09f8 11       		.byte	0x11
 1372 09f9 41       		.byte	0x41
 1373 09fa 0D       		.byte	0xd
 1374 09fb B2000000 		.4byte	0xb2
 1375 09ff 10       		.byte	0x10
 1376 0a00 08       		.uleb128 0x8
 1377 0a01 43070000 		.4byte	.LASF121
 1378 0a05 11       		.byte	0x11
 1379 0a06 42       		.byte	0x42
 1380 0a07 0D       		.byte	0xd
 1381 0a08 B2000000 		.4byte	0xb2
 1382 0a0c 11       		.byte	0x11
 1383 0a0d 08       		.uleb128 0x8
 1384 0a0e 5A070000 		.4byte	.LASF122
 1385 0a12 11       		.byte	0x11
 1386 0a13 43       		.byte	0x43
 1387 0a14 0D       		.byte	0xd
 1388 0a15 B2000000 		.4byte	0xb2
 1389 0a19 12       		.byte	0x12
 1390 0a1a 08       		.uleb128 0x8
 1391 0a1b A2020000 		.4byte	.LASF123
 1392 0a1f 11       		.byte	0x11
 1393 0a20 44       		.byte	0x44
 1394 0a21 0D       		.byte	0xd
 1395 0a22 B2000000 		.4byte	0xb2
 1396 0a26 13       		.byte	0x13
 1397 0a27 08       		.uleb128 0x8
 1398 0a28 69010000 		.4byte	.LASF124
 1399 0a2c 11       		.byte	0x11
 1400 0a2d 45       		.byte	0x45
 1401 0a2e 0D       		.byte	0xd
 1402 0a2f B2000000 		.4byte	0xb2
 1403 0a33 14       		.byte	0x14
 1404 0a34 08       		.uleb128 0x8
 1405 0a35 BD050000 		.4byte	.LASF125
 1406 0a39 11       		.byte	0x11
 1407 0a3a 46       		.byte	0x46
 1408 0a3b 0D       		.byte	0xd
 1409 0a3c B2000000 		.4byte	0xb2
 1410 0a40 15       		.byte	0x15
 1411 0a41 00       		.byte	0
 1412 0a42 16       		.uleb128 0x16
 1413 0a43 E2060000 		.4byte	0x6e2
 1414 0a47 520A0000 		.4byte	0xa52
 1415 0a4b 17       		.uleb128 0x17
 1416 0a4c 30000000 		.4byte	0x30
 1417 0a50 03       		.byte	0x3
 1418 0a51 00       		.byte	0
 1419 0a52 03       		.uleb128 0x3
 1420 0a53 5F010000 		.4byte	.LASF126
 1421 0a57 11       		.byte	0x11
 1422 0a58 47       		.byte	0x47
 1423 0a59 03       		.byte	0x3
 1424 0a5a 4E090000 		.4byte	0x94e
 1425 0a5e 05       		.uleb128 0x5
ARM GAS  /tmp/cc3rQoLT.s 			page 26


 1426 0a5f 520A0000 		.4byte	0xa52
 1427 0a63 15       		.uleb128 0x15
 1428 0a64 7A020000 		.4byte	.LASF127
 1429 0a68 11       		.byte	0x11
 1430 0a69 6C       		.byte	0x6c
 1431 0a6a 1D       		.byte	0x1d
 1432 0a6b 5E0A0000 		.4byte	0xa5e
 1433 0a6f 03       		.uleb128 0x3
 1434 0a70 DB010000 		.4byte	.LASF128
 1435 0a74 0F       		.byte	0xf
 1436 0a75 34       		.byte	0x34
 1437 0a76 19       		.byte	0x19
 1438 0a77 E3080000 		.4byte	0x8e3
 1439 0a7b 0C       		.uleb128 0xc
 1440 0a7c 04       		.byte	0x4
 1441 0a7d 6F0A0000 		.4byte	0xa6f
 1442 0a81 04       		.uleb128 0x4
 1443 0a82 01       		.byte	0x1
 1444 0a83 02       		.byte	0x2
 1445 0a84 10050000 		.4byte	.LASF129
 1446 0a88 03       		.uleb128 0x3
 1447 0a89 69000000 		.4byte	.LASF130
 1448 0a8d 12       		.byte	0x12
 1449 0a8e 47       		.byte	0x47
 1450 0a8f 11       		.byte	0x11
 1451 0a90 940A0000 		.4byte	0xa94
 1452 0a94 0C       		.uleb128 0xc
 1453 0a95 04       		.byte	0x4
 1454 0a96 9A0A0000 		.4byte	0xa9a
 1455 0a9a 21       		.uleb128 0x21
 1456 0a9b 59030000 		.4byte	0x359
 1457 0a9f AE0A0000 		.4byte	0xaae
 1458 0aa3 0F       		.uleb128 0xf
 1459 0aa4 24000000 		.4byte	0x24
 1460 0aa8 0F       		.uleb128 0xf
 1461 0aa9 30000000 		.4byte	0x30
 1462 0aad 00       		.byte	0
 1463 0aae 18       		.uleb128 0x18
 1464 0aaf 08       		.byte	0x8
 1465 0ab0 12       		.byte	0x12
 1466 0ab1 51       		.byte	0x51
 1467 0ab2 09       		.byte	0x9
 1468 0ab3 D20A0000 		.4byte	0xad2
 1469 0ab7 08       		.uleb128 0x8
 1470 0ab8 D8000000 		.4byte	.LASF131
 1471 0abc 12       		.byte	0x12
 1472 0abd 55       		.byte	0x55
 1473 0abe 0C       		.byte	0xc
 1474 0abf D20A0000 		.4byte	0xad2
 1475 0ac3 00       		.byte	0
 1476 0ac4 08       		.uleb128 0x8
 1477 0ac5 73020000 		.4byte	.LASF132
 1478 0ac9 12       		.byte	0x12
 1479 0aca 59       		.byte	0x59
 1480 0acb 0C       		.byte	0xc
 1481 0acc D20A0000 		.4byte	0xad2
 1482 0ad0 04       		.byte	0x4
ARM GAS  /tmp/cc3rQoLT.s 			page 27


 1483 0ad1 00       		.byte	0
 1484 0ad2 0C       		.uleb128 0xc
 1485 0ad3 04       		.byte	0x4
 1486 0ad4 B2000000 		.4byte	0xb2
 1487 0ad8 03       		.uleb128 0x3
 1488 0ad9 E0030000 		.4byte	.LASF133
 1489 0add 12       		.byte	0x12
 1490 0ade 5A       		.byte	0x5a
 1491 0adf 03       		.byte	0x3
 1492 0ae0 AE0A0000 		.4byte	0xaae
 1493 0ae4 15       		.uleb128 0x15
 1494 0ae5 7E030000 		.4byte	.LASF134
 1495 0ae9 12       		.byte	0x12
 1496 0aea 75       		.byte	0x75
 1497 0aeb 12       		.byte	0x12
 1498 0aec D80A0000 		.4byte	0xad8
 1499 0af0 07       		.uleb128 0x7
 1500 0af1 E4060000 		.4byte	.LASF135
 1501 0af5 04       		.byte	0x4
 1502 0af6 13       		.byte	0x13
 1503 0af7 38       		.byte	0x38
 1504 0af8 08       		.byte	0x8
 1505 0af9 0B0B0000 		.4byte	0xb0b
 1506 0afd 08       		.uleb128 0x8
 1507 0afe AB000000 		.4byte	.LASF50
 1508 0b02 13       		.byte	0x13
 1509 0b03 39       		.byte	0x39
 1510 0b04 1A       		.byte	0x1a
 1511 0b05 0B0B0000 		.4byte	0xb0b
 1512 0b09 00       		.byte	0
 1513 0b0a 00       		.byte	0
 1514 0b0b 0C       		.uleb128 0xc
 1515 0b0c 04       		.byte	0x4
 1516 0b0d F00A0000 		.4byte	0xaf0
 1517 0b11 18       		.uleb128 0x18
 1518 0b12 10       		.byte	0x10
 1519 0b13 13       		.byte	0x13
 1520 0b14 40       		.byte	0x40
 1521 0b15 09       		.byte	0x9
 1522 0b16 4F0B0000 		.4byte	0xb4f
 1523 0b1a 08       		.uleb128 0x8
 1524 0b1b AB000000 		.4byte	.LASF50
 1525 0b1f 13       		.byte	0x13
 1526 0b20 41       		.byte	0x41
 1527 0b21 1A       		.byte	0x1a
 1528 0b22 0B0B0000 		.4byte	0xb0b
 1529 0b26 00       		.byte	0
 1530 0b27 08       		.uleb128 0x8
 1531 0b28 B7030000 		.4byte	.LASF136
 1532 0b2c 13       		.byte	0x13
 1533 0b2d 42       		.byte	0x42
 1534 0b2e 19       		.byte	0x19
 1535 0b2f 24000000 		.4byte	0x24
 1536 0b33 04       		.byte	0x4
 1537 0b34 08       		.uleb128 0x8
 1538 0b35 E3010000 		.4byte	.LASF137
 1539 0b39 13       		.byte	0x13
ARM GAS  /tmp/cc3rQoLT.s 			page 28


 1540 0b3a 44       		.byte	0x44
 1541 0b3b 19       		.byte	0x19
 1542 0b3c 30000000 		.4byte	0x30
 1543 0b40 08       		.byte	0x8
 1544 0b41 08       		.uleb128 0x8
 1545 0b42 52000000 		.4byte	.LASF138
 1546 0b46 13       		.byte	0x13
 1547 0b47 45       		.byte	0x45
 1548 0b48 19       		.byte	0x19
 1549 0b49 880A0000 		.4byte	0xa88
 1550 0b4d 0C       		.byte	0xc
 1551 0b4e 00       		.byte	0
 1552 0b4f 03       		.uleb128 0x3
 1553 0b50 83020000 		.4byte	.LASF139
 1554 0b54 13       		.byte	0x13
 1555 0b55 47       		.byte	0x47
 1556 0b56 03       		.byte	0x3
 1557 0b57 110B0000 		.4byte	0xb11
 1558 0b5b 07       		.uleb128 0x7
 1559 0b5c E4040000 		.4byte	.LASF140
 1560 0b60 10       		.byte	0x10
 1561 0b61 14       		.byte	0x14
 1562 0b62 A9       		.byte	0xa9
 1563 0b63 10       		.byte	0x10
 1564 0b64 900B0000 		.4byte	0xb90
 1565 0b68 08       		.uleb128 0x8
 1566 0b69 AB000000 		.4byte	.LASF50
 1567 0b6d 14       		.byte	0x14
 1568 0b6e AD       		.byte	0xad
 1569 0b6f 1A       		.byte	0x1a
 1570 0b70 900B0000 		.4byte	0xb90
 1571 0b74 00       		.byte	0
 1572 0b75 08       		.uleb128 0x8
 1573 0b76 CF040000 		.4byte	.LASF39
 1574 0b7a 14       		.byte	0x14
 1575 0b7b B1       		.byte	0xb1
 1576 0b7c 19       		.byte	0x19
 1577 0b7d 58010000 		.4byte	0x158
 1578 0b81 04       		.byte	0x4
 1579 0b82 08       		.uleb128 0x8
 1580 0b83 91020000 		.4byte	.LASF35
 1581 0b87 14       		.byte	0x14
 1582 0b88 B3       		.byte	0xb3
 1583 0b89 19       		.byte	0x19
 1584 0b8a 960B0000 		.4byte	0xb96
 1585 0b8e 08       		.byte	0x8
 1586 0b8f 00       		.byte	0
 1587 0b90 0C       		.uleb128 0xc
 1588 0b91 04       		.byte	0x4
 1589 0b92 5B0B0000 		.4byte	0xb5b
 1590 0b96 16       		.uleb128 0x16
 1591 0b97 E2060000 		.4byte	0x6e2
 1592 0b9b A60B0000 		.4byte	0xba6
 1593 0b9f 17       		.uleb128 0x17
 1594 0ba0 30000000 		.4byte	0x30
 1595 0ba4 07       		.byte	0x7
 1596 0ba5 00       		.byte	0
ARM GAS  /tmp/cc3rQoLT.s 			page 29


 1597 0ba6 03       		.uleb128 0x3
 1598 0ba7 70030000 		.4byte	.LASF141
 1599 0bab 14       		.byte	0x14
 1600 0bac B7       		.byte	0xb7
 1601 0bad 03       		.byte	0x3
 1602 0bae 5B0B0000 		.4byte	0xb5b
 1603 0bb2 07       		.uleb128 0x7
 1604 0bb3 A7060000 		.4byte	.LASF142
 1605 0bb7 04       		.byte	0x4
 1606 0bb8 14       		.byte	0x14
 1607 0bb9 BC       		.byte	0xbc
 1608 0bba 10       		.byte	0x10
 1609 0bbb CD0B0000 		.4byte	0xbcd
 1610 0bbf 08       		.uleb128 0x8
 1611 0bc0 AB000000 		.4byte	.LASF50
 1612 0bc4 14       		.byte	0x14
 1613 0bc5 BD       		.byte	0xbd
 1614 0bc6 1A       		.byte	0x1a
 1615 0bc7 CD0B0000 		.4byte	0xbcd
 1616 0bcb 00       		.byte	0
 1617 0bcc 00       		.byte	0
 1618 0bcd 0C       		.uleb128 0xc
 1619 0bce 04       		.byte	0x4
 1620 0bcf A60B0000 		.4byte	0xba6
 1621 0bd3 03       		.uleb128 0x3
 1622 0bd4 D4020000 		.4byte	.LASF143
 1623 0bd8 14       		.byte	0x14
 1624 0bd9 BE       		.byte	0xbe
 1625 0bda 03       		.byte	0x3
 1626 0bdb B20B0000 		.4byte	0xbb2
 1627 0bdf 0D       		.uleb128 0xd
 1628 0be0 0D000000 		.4byte	.LASF144
 1629 0be4 48       		.byte	0x48
 1630 0be5 14       		.byte	0x14
 1631 0be6 2001     		.2byte	0x120
 1632 0be8 10       		.byte	0x10
 1633 0be9 6C0C0000 		.4byte	0xc6c
 1634 0bed 0A       		.uleb128 0xa
 1635 0bee 6D747800 		.ascii	"mtx\000"
 1636 0bf2 14       		.byte	0x14
 1637 0bf3 2501     		.2byte	0x125
 1638 0bf5 19       		.byte	0x19
 1639 0bf6 6F0A0000 		.4byte	0xa6f
 1640 0bfa 00       		.byte	0
 1641 0bfb 0B       		.uleb128 0xb
 1642 0bfc 5D060000 		.4byte	.LASF145
 1643 0c00 14       		.byte	0x14
 1644 0c01 2C01     		.2byte	0x12c
 1645 0c03 19       		.byte	0x19
 1646 0c04 D30B0000 		.4byte	0xbd3
 1647 0c08 10       		.byte	0x10
 1648 0c09 0B       		.uleb128 0xb
 1649 0c0a 8F050000 		.4byte	.LASF146
 1650 0c0e 14       		.byte	0x14
 1651 0c0f 3001     		.2byte	0x130
 1652 0c11 19       		.byte	0x19
 1653 0c12 4F0B0000 		.4byte	0xb4f
ARM GAS  /tmp/cc3rQoLT.s 			page 30


 1654 0c16 14       		.byte	0x14
 1655 0c17 0B       		.uleb128 0xb
 1656 0c18 AB020000 		.4byte	.LASF147
 1657 0c1c 14       		.byte	0x14
 1658 0c1d 3501     		.2byte	0x135
 1659 0c1f 19       		.byte	0x19
 1660 0c20 D30B0000 		.4byte	0xbd3
 1661 0c24 24       		.byte	0x24
 1662 0c25 0B       		.uleb128 0xb
 1663 0c26 60000000 		.4byte	.LASF148
 1664 0c2a 14       		.byte	0x14
 1665 0c2b 3B01     		.2byte	0x13b
 1666 0c2d 19       		.byte	0x19
 1667 0c2e D30B0000 		.4byte	0xbd3
 1668 0c32 28       		.byte	0x28
 1669 0c33 0B       		.uleb128 0xb
 1670 0c34 F6060000 		.4byte	.LASF149
 1671 0c38 14       		.byte	0x14
 1672 0c39 3F01     		.2byte	0x13f
 1673 0c3b 19       		.byte	0x19
 1674 0c3c 4F0B0000 		.4byte	0xb4f
 1675 0c40 2C       		.byte	0x2c
 1676 0c41 0B       		.uleb128 0xb
 1677 0c42 C1000000 		.4byte	.LASF150
 1678 0c46 14       		.byte	0x14
 1679 0c47 4501     		.2byte	0x145
 1680 0c49 19       		.byte	0x19
 1681 0c4a D30B0000 		.4byte	0xbd3
 1682 0c4e 3C       		.byte	0x3c
 1683 0c4f 0B       		.uleb128 0xb
 1684 0c50 05070000 		.4byte	.LASF151
 1685 0c54 14       		.byte	0x14
 1686 0c55 4B01     		.2byte	0x14b
 1687 0c57 19       		.byte	0x19
 1688 0c58 D30B0000 		.4byte	0xbd3
 1689 0c5c 40       		.byte	0x40
 1690 0c5d 0B       		.uleb128 0xb
 1691 0c5e E1050000 		.4byte	.LASF152
 1692 0c62 14       		.byte	0x14
 1693 0c63 5101     		.2byte	0x151
 1694 0c65 19       		.byte	0x19
 1695 0c66 D30B0000 		.4byte	0xbd3
 1696 0c6a 44       		.byte	0x44
 1697 0c6b 00       		.byte	0
 1698 0c6c 22       		.uleb128 0x22
 1699 0c6d 61020000 		.4byte	.LASF153
 1700 0c71 14       		.byte	0x14
 1701 0c72 5301     		.2byte	0x153
 1702 0c74 03       		.byte	0x3
 1703 0c75 DF0B0000 		.4byte	0xbdf
 1704 0c79 14       		.uleb128 0x14
 1705 0c7a 71050000 		.4byte	.LASF154
 1706 0c7e 14       		.byte	0x14
 1707 0c7f 5E01     		.2byte	0x15e
 1708 0c81 1A       		.byte	0x1a
 1709 0c82 6C0C0000 		.4byte	0xc6c
 1710 0c86 00       		.byte	0
ARM GAS  /tmp/cc3rQoLT.s 			page 31


 1711              		.section	.debug_abbrev,"",%progbits
 1712              	.Ldebug_abbrev0:
 1713 0000 01       		.uleb128 0x1
 1714 0001 11       		.uleb128 0x11
 1715 0002 01       		.byte	0x1
 1716 0003 25       		.uleb128 0x25
 1717 0004 0E       		.uleb128 0xe
 1718 0005 13       		.uleb128 0x13
 1719 0006 0B       		.uleb128 0xb
 1720 0007 03       		.uleb128 0x3
 1721 0008 0E       		.uleb128 0xe
 1722 0009 1B       		.uleb128 0x1b
 1723 000a 0E       		.uleb128 0xe
 1724 000b 10       		.uleb128 0x10
 1725 000c 17       		.uleb128 0x17
 1726 000d 00       		.byte	0
 1727 000e 00       		.byte	0
 1728 000f 02       		.uleb128 0x2
 1729 0010 24       		.uleb128 0x24
 1730 0011 00       		.byte	0
 1731 0012 0B       		.uleb128 0xb
 1732 0013 0B       		.uleb128 0xb
 1733 0014 3E       		.uleb128 0x3e
 1734 0015 0B       		.uleb128 0xb
 1735 0016 03       		.uleb128 0x3
 1736 0017 08       		.uleb128 0x8
 1737 0018 00       		.byte	0
 1738 0019 00       		.byte	0
 1739 001a 03       		.uleb128 0x3
 1740 001b 16       		.uleb128 0x16
 1741 001c 00       		.byte	0
 1742 001d 03       		.uleb128 0x3
 1743 001e 0E       		.uleb128 0xe
 1744 001f 3A       		.uleb128 0x3a
 1745 0020 0B       		.uleb128 0xb
 1746 0021 3B       		.uleb128 0x3b
 1747 0022 0B       		.uleb128 0xb
 1748 0023 39       		.uleb128 0x39
 1749 0024 0B       		.uleb128 0xb
 1750 0025 49       		.uleb128 0x49
 1751 0026 13       		.uleb128 0x13
 1752 0027 00       		.byte	0
 1753 0028 00       		.byte	0
 1754 0029 04       		.uleb128 0x4
 1755 002a 24       		.uleb128 0x24
 1756 002b 00       		.byte	0
 1757 002c 0B       		.uleb128 0xb
 1758 002d 0B       		.uleb128 0xb
 1759 002e 3E       		.uleb128 0x3e
 1760 002f 0B       		.uleb128 0xb
 1761 0030 03       		.uleb128 0x3
 1762 0031 0E       		.uleb128 0xe
 1763 0032 00       		.byte	0
 1764 0033 00       		.byte	0
 1765 0034 05       		.uleb128 0x5
 1766 0035 26       		.uleb128 0x26
 1767 0036 00       		.byte	0
ARM GAS  /tmp/cc3rQoLT.s 			page 32


 1768 0037 49       		.uleb128 0x49
 1769 0038 13       		.uleb128 0x13
 1770 0039 00       		.byte	0
 1771 003a 00       		.byte	0
 1772 003b 06       		.uleb128 0x6
 1773 003c 35       		.uleb128 0x35
 1774 003d 00       		.byte	0
 1775 003e 49       		.uleb128 0x49
 1776 003f 13       		.uleb128 0x13
 1777 0040 00       		.byte	0
 1778 0041 00       		.byte	0
 1779 0042 07       		.uleb128 0x7
 1780 0043 13       		.uleb128 0x13
 1781 0044 01       		.byte	0x1
 1782 0045 03       		.uleb128 0x3
 1783 0046 0E       		.uleb128 0xe
 1784 0047 0B       		.uleb128 0xb
 1785 0048 0B       		.uleb128 0xb
 1786 0049 3A       		.uleb128 0x3a
 1787 004a 0B       		.uleb128 0xb
 1788 004b 3B       		.uleb128 0x3b
 1789 004c 0B       		.uleb128 0xb
 1790 004d 39       		.uleb128 0x39
 1791 004e 0B       		.uleb128 0xb
 1792 004f 01       		.uleb128 0x1
 1793 0050 13       		.uleb128 0x13
 1794 0051 00       		.byte	0
 1795 0052 00       		.byte	0
 1796 0053 08       		.uleb128 0x8
 1797 0054 0D       		.uleb128 0xd
 1798 0055 00       		.byte	0
 1799 0056 03       		.uleb128 0x3
 1800 0057 0E       		.uleb128 0xe
 1801 0058 3A       		.uleb128 0x3a
 1802 0059 0B       		.uleb128 0xb
 1803 005a 3B       		.uleb128 0x3b
 1804 005b 0B       		.uleb128 0xb
 1805 005c 39       		.uleb128 0x39
 1806 005d 0B       		.uleb128 0xb
 1807 005e 49       		.uleb128 0x49
 1808 005f 13       		.uleb128 0x13
 1809 0060 38       		.uleb128 0x38
 1810 0061 0B       		.uleb128 0xb
 1811 0062 00       		.byte	0
 1812 0063 00       		.byte	0
 1813 0064 09       		.uleb128 0x9
 1814 0065 0D       		.uleb128 0xd
 1815 0066 00       		.byte	0
 1816 0067 03       		.uleb128 0x3
 1817 0068 08       		.uleb128 0x8
 1818 0069 3A       		.uleb128 0x3a
 1819 006a 0B       		.uleb128 0xb
 1820 006b 3B       		.uleb128 0x3b
 1821 006c 0B       		.uleb128 0xb
 1822 006d 39       		.uleb128 0x39
 1823 006e 0B       		.uleb128 0xb
 1824 006f 49       		.uleb128 0x49
ARM GAS  /tmp/cc3rQoLT.s 			page 33


 1825 0070 13       		.uleb128 0x13
 1826 0071 38       		.uleb128 0x38
 1827 0072 0B       		.uleb128 0xb
 1828 0073 00       		.byte	0
 1829 0074 00       		.byte	0
 1830 0075 0A       		.uleb128 0xa
 1831 0076 0D       		.uleb128 0xd
 1832 0077 00       		.byte	0
 1833 0078 03       		.uleb128 0x3
 1834 0079 08       		.uleb128 0x8
 1835 007a 3A       		.uleb128 0x3a
 1836 007b 0B       		.uleb128 0xb
 1837 007c 3B       		.uleb128 0x3b
 1838 007d 05       		.uleb128 0x5
 1839 007e 39       		.uleb128 0x39
 1840 007f 0B       		.uleb128 0xb
 1841 0080 49       		.uleb128 0x49
 1842 0081 13       		.uleb128 0x13
 1843 0082 38       		.uleb128 0x38
 1844 0083 0B       		.uleb128 0xb
 1845 0084 00       		.byte	0
 1846 0085 00       		.byte	0
 1847 0086 0B       		.uleb128 0xb
 1848 0087 0D       		.uleb128 0xd
 1849 0088 00       		.byte	0
 1850 0089 03       		.uleb128 0x3
 1851 008a 0E       		.uleb128 0xe
 1852 008b 3A       		.uleb128 0x3a
 1853 008c 0B       		.uleb128 0xb
 1854 008d 3B       		.uleb128 0x3b
 1855 008e 05       		.uleb128 0x5
 1856 008f 39       		.uleb128 0x39
 1857 0090 0B       		.uleb128 0xb
 1858 0091 49       		.uleb128 0x49
 1859 0092 13       		.uleb128 0x13
 1860 0093 38       		.uleb128 0x38
 1861 0094 0B       		.uleb128 0xb
 1862 0095 00       		.byte	0
 1863 0096 00       		.byte	0
 1864 0097 0C       		.uleb128 0xc
 1865 0098 0F       		.uleb128 0xf
 1866 0099 00       		.byte	0
 1867 009a 0B       		.uleb128 0xb
 1868 009b 0B       		.uleb128 0xb
 1869 009c 49       		.uleb128 0x49
 1870 009d 13       		.uleb128 0x13
 1871 009e 00       		.byte	0
 1872 009f 00       		.byte	0
 1873 00a0 0D       		.uleb128 0xd
 1874 00a1 13       		.uleb128 0x13
 1875 00a2 01       		.byte	0x1
 1876 00a3 03       		.uleb128 0x3
 1877 00a4 0E       		.uleb128 0xe
 1878 00a5 0B       		.uleb128 0xb
 1879 00a6 0B       		.uleb128 0xb
 1880 00a7 3A       		.uleb128 0x3a
 1881 00a8 0B       		.uleb128 0xb
ARM GAS  /tmp/cc3rQoLT.s 			page 34


 1882 00a9 3B       		.uleb128 0x3b
 1883 00aa 05       		.uleb128 0x5
 1884 00ab 39       		.uleb128 0x39
 1885 00ac 0B       		.uleb128 0xb
 1886 00ad 01       		.uleb128 0x1
 1887 00ae 13       		.uleb128 0x13
 1888 00af 00       		.byte	0
 1889 00b0 00       		.byte	0
 1890 00b1 0E       		.uleb128 0xe
 1891 00b2 15       		.uleb128 0x15
 1892 00b3 01       		.byte	0x1
 1893 00b4 27       		.uleb128 0x27
 1894 00b5 19       		.uleb128 0x19
 1895 00b6 01       		.uleb128 0x1
 1896 00b7 13       		.uleb128 0x13
 1897 00b8 00       		.byte	0
 1898 00b9 00       		.byte	0
 1899 00ba 0F       		.uleb128 0xf
 1900 00bb 05       		.uleb128 0x5
 1901 00bc 00       		.byte	0
 1902 00bd 49       		.uleb128 0x49
 1903 00be 13       		.uleb128 0x13
 1904 00bf 00       		.byte	0
 1905 00c0 00       		.byte	0
 1906 00c1 10       		.uleb128 0x10
 1907 00c2 0F       		.uleb128 0xf
 1908 00c3 00       		.byte	0
 1909 00c4 0B       		.uleb128 0xb
 1910 00c5 0B       		.uleb128 0xb
 1911 00c6 00       		.byte	0
 1912 00c7 00       		.byte	0
 1913 00c8 11       		.uleb128 0x11
 1914 00c9 13       		.uleb128 0x13
 1915 00ca 01       		.byte	0x1
 1916 00cb 03       		.uleb128 0x3
 1917 00cc 0E       		.uleb128 0xe
 1918 00cd 0B       		.uleb128 0xb
 1919 00ce 05       		.uleb128 0x5
 1920 00cf 3A       		.uleb128 0x3a
 1921 00d0 0B       		.uleb128 0xb
 1922 00d1 3B       		.uleb128 0x3b
 1923 00d2 05       		.uleb128 0x5
 1924 00d3 39       		.uleb128 0x39
 1925 00d4 0B       		.uleb128 0xb
 1926 00d5 01       		.uleb128 0x1
 1927 00d6 13       		.uleb128 0x13
 1928 00d7 00       		.byte	0
 1929 00d8 00       		.byte	0
 1930 00d9 12       		.uleb128 0x12
 1931 00da 0D       		.uleb128 0xd
 1932 00db 00       		.byte	0
 1933 00dc 03       		.uleb128 0x3
 1934 00dd 0E       		.uleb128 0xe
 1935 00de 3A       		.uleb128 0x3a
 1936 00df 0B       		.uleb128 0xb
 1937 00e0 3B       		.uleb128 0x3b
 1938 00e1 05       		.uleb128 0x5
ARM GAS  /tmp/cc3rQoLT.s 			page 35


 1939 00e2 39       		.uleb128 0x39
 1940 00e3 0B       		.uleb128 0xb
 1941 00e4 49       		.uleb128 0x49
 1942 00e5 13       		.uleb128 0x13
 1943 00e6 38       		.uleb128 0x38
 1944 00e7 05       		.uleb128 0x5
 1945 00e8 00       		.byte	0
 1946 00e9 00       		.byte	0
 1947 00ea 13       		.uleb128 0x13
 1948 00eb 0D       		.uleb128 0xd
 1949 00ec 00       		.byte	0
 1950 00ed 03       		.uleb128 0x3
 1951 00ee 08       		.uleb128 0x8
 1952 00ef 3A       		.uleb128 0x3a
 1953 00f0 0B       		.uleb128 0xb
 1954 00f1 3B       		.uleb128 0x3b
 1955 00f2 05       		.uleb128 0x5
 1956 00f3 39       		.uleb128 0x39
 1957 00f4 0B       		.uleb128 0xb
 1958 00f5 49       		.uleb128 0x49
 1959 00f6 13       		.uleb128 0x13
 1960 00f7 38       		.uleb128 0x38
 1961 00f8 05       		.uleb128 0x5
 1962 00f9 00       		.byte	0
 1963 00fa 00       		.byte	0
 1964 00fb 14       		.uleb128 0x14
 1965 00fc 34       		.uleb128 0x34
 1966 00fd 00       		.byte	0
 1967 00fe 03       		.uleb128 0x3
 1968 00ff 0E       		.uleb128 0xe
 1969 0100 3A       		.uleb128 0x3a
 1970 0101 0B       		.uleb128 0xb
 1971 0102 3B       		.uleb128 0x3b
 1972 0103 05       		.uleb128 0x5
 1973 0104 39       		.uleb128 0x39
 1974 0105 0B       		.uleb128 0xb
 1975 0106 49       		.uleb128 0x49
 1976 0107 13       		.uleb128 0x13
 1977 0108 3F       		.uleb128 0x3f
 1978 0109 19       		.uleb128 0x19
 1979 010a 3C       		.uleb128 0x3c
 1980 010b 19       		.uleb128 0x19
 1981 010c 00       		.byte	0
 1982 010d 00       		.byte	0
 1983 010e 15       		.uleb128 0x15
 1984 010f 34       		.uleb128 0x34
 1985 0110 00       		.byte	0
 1986 0111 03       		.uleb128 0x3
 1987 0112 0E       		.uleb128 0xe
 1988 0113 3A       		.uleb128 0x3a
 1989 0114 0B       		.uleb128 0xb
 1990 0115 3B       		.uleb128 0x3b
 1991 0116 0B       		.uleb128 0xb
 1992 0117 39       		.uleb128 0x39
 1993 0118 0B       		.uleb128 0xb
 1994 0119 49       		.uleb128 0x49
 1995 011a 13       		.uleb128 0x13
ARM GAS  /tmp/cc3rQoLT.s 			page 36


 1996 011b 3F       		.uleb128 0x3f
 1997 011c 19       		.uleb128 0x19
 1998 011d 3C       		.uleb128 0x3c
 1999 011e 19       		.uleb128 0x19
 2000 011f 00       		.byte	0
 2001 0120 00       		.byte	0
 2002 0121 16       		.uleb128 0x16
 2003 0122 01       		.uleb128 0x1
 2004 0123 01       		.byte	0x1
 2005 0124 49       		.uleb128 0x49
 2006 0125 13       		.uleb128 0x13
 2007 0126 01       		.uleb128 0x1
 2008 0127 13       		.uleb128 0x13
 2009 0128 00       		.byte	0
 2010 0129 00       		.byte	0
 2011 012a 17       		.uleb128 0x17
 2012 012b 21       		.uleb128 0x21
 2013 012c 00       		.byte	0
 2014 012d 49       		.uleb128 0x49
 2015 012e 13       		.uleb128 0x13
 2016 012f 2F       		.uleb128 0x2f
 2017 0130 0B       		.uleb128 0xb
 2018 0131 00       		.byte	0
 2019 0132 00       		.byte	0
 2020 0133 18       		.uleb128 0x18
 2021 0134 13       		.uleb128 0x13
 2022 0135 01       		.byte	0x1
 2023 0136 0B       		.uleb128 0xb
 2024 0137 0B       		.uleb128 0xb
 2025 0138 3A       		.uleb128 0x3a
 2026 0139 0B       		.uleb128 0xb
 2027 013a 3B       		.uleb128 0x3b
 2028 013b 0B       		.uleb128 0xb
 2029 013c 39       		.uleb128 0x39
 2030 013d 0B       		.uleb128 0xb
 2031 013e 01       		.uleb128 0x1
 2032 013f 13       		.uleb128 0x13
 2033 0140 00       		.byte	0
 2034 0141 00       		.byte	0
 2035 0142 19       		.uleb128 0x19
 2036 0143 17       		.uleb128 0x17
 2037 0144 01       		.byte	0x1
 2038 0145 0B       		.uleb128 0xb
 2039 0146 0B       		.uleb128 0xb
 2040 0147 3A       		.uleb128 0x3a
 2041 0148 0B       		.uleb128 0xb
 2042 0149 3B       		.uleb128 0x3b
 2043 014a 0B       		.uleb128 0xb
 2044 014b 39       		.uleb128 0x39
 2045 014c 0B       		.uleb128 0xb
 2046 014d 01       		.uleb128 0x1
 2047 014e 13       		.uleb128 0x13
 2048 014f 00       		.byte	0
 2049 0150 00       		.byte	0
 2050 0151 1A       		.uleb128 0x1a
 2051 0152 0D       		.uleb128 0xd
 2052 0153 00       		.byte	0
ARM GAS  /tmp/cc3rQoLT.s 			page 37


 2053 0154 03       		.uleb128 0x3
 2054 0155 08       		.uleb128 0x8
 2055 0156 3A       		.uleb128 0x3a
 2056 0157 0B       		.uleb128 0xb
 2057 0158 3B       		.uleb128 0x3b
 2058 0159 0B       		.uleb128 0xb
 2059 015a 39       		.uleb128 0x39
 2060 015b 0B       		.uleb128 0xb
 2061 015c 49       		.uleb128 0x49
 2062 015d 13       		.uleb128 0x13
 2063 015e 00       		.byte	0
 2064 015f 00       		.byte	0
 2065 0160 1B       		.uleb128 0x1b
 2066 0161 0D       		.uleb128 0xd
 2067 0162 00       		.byte	0
 2068 0163 03       		.uleb128 0x3
 2069 0164 0E       		.uleb128 0xe
 2070 0165 3A       		.uleb128 0x3a
 2071 0166 0B       		.uleb128 0xb
 2072 0167 3B       		.uleb128 0x3b
 2073 0168 0B       		.uleb128 0xb
 2074 0169 39       		.uleb128 0x39
 2075 016a 0B       		.uleb128 0xb
 2076 016b 49       		.uleb128 0x49
 2077 016c 13       		.uleb128 0x13
 2078 016d 00       		.byte	0
 2079 016e 00       		.byte	0
 2080 016f 1C       		.uleb128 0x1c
 2081 0170 0D       		.uleb128 0xd
 2082 0171 00       		.byte	0
 2083 0172 03       		.uleb128 0x3
 2084 0173 0E       		.uleb128 0xe
 2085 0174 3A       		.uleb128 0x3a
 2086 0175 0B       		.uleb128 0xb
 2087 0176 3B       		.uleb128 0x3b
 2088 0177 0B       		.uleb128 0xb
 2089 0178 39       		.uleb128 0x39
 2090 0179 0B       		.uleb128 0xb
 2091 017a 49       		.uleb128 0x49
 2092 017b 13       		.uleb128 0x13
 2093 017c 0B       		.uleb128 0xb
 2094 017d 0B       		.uleb128 0xb
 2095 017e 0D       		.uleb128 0xd
 2096 017f 0B       		.uleb128 0xb
 2097 0180 0C       		.uleb128 0xc
 2098 0181 0B       		.uleb128 0xb
 2099 0182 38       		.uleb128 0x38
 2100 0183 0B       		.uleb128 0xb
 2101 0184 00       		.byte	0
 2102 0185 00       		.byte	0
 2103 0186 1D       		.uleb128 0x1d
 2104 0187 13       		.uleb128 0x13
 2105 0188 01       		.byte	0x1
 2106 0189 0B       		.uleb128 0xb
 2107 018a 05       		.uleb128 0x5
 2108 018b 3A       		.uleb128 0x3a
 2109 018c 0B       		.uleb128 0xb
ARM GAS  /tmp/cc3rQoLT.s 			page 38


 2110 018d 3B       		.uleb128 0x3b
 2111 018e 0B       		.uleb128 0xb
 2112 018f 39       		.uleb128 0x39
 2113 0190 0B       		.uleb128 0xb
 2114 0191 01       		.uleb128 0x1
 2115 0192 13       		.uleb128 0x13
 2116 0193 00       		.byte	0
 2117 0194 00       		.byte	0
 2118 0195 1E       		.uleb128 0x1e
 2119 0196 0D       		.uleb128 0xd
 2120 0197 00       		.byte	0
 2121 0198 03       		.uleb128 0x3
 2122 0199 0E       		.uleb128 0xe
 2123 019a 3A       		.uleb128 0x3a
 2124 019b 0B       		.uleb128 0xb
 2125 019c 3B       		.uleb128 0x3b
 2126 019d 05       		.uleb128 0x5
 2127 019e 39       		.uleb128 0x39
 2128 019f 0B       		.uleb128 0xb
 2129 01a0 49       		.uleb128 0x49
 2130 01a1 13       		.uleb128 0x13
 2131 01a2 00       		.byte	0
 2132 01a3 00       		.byte	0
 2133 01a4 1F       		.uleb128 0x1f
 2134 01a5 34       		.uleb128 0x34
 2135 01a6 00       		.byte	0
 2136 01a7 03       		.uleb128 0x3
 2137 01a8 08       		.uleb128 0x8
 2138 01a9 3A       		.uleb128 0x3a
 2139 01aa 0B       		.uleb128 0xb
 2140 01ab 3B       		.uleb128 0x3b
 2141 01ac 05       		.uleb128 0x5
 2142 01ad 39       		.uleb128 0x39
 2143 01ae 0B       		.uleb128 0xb
 2144 01af 49       		.uleb128 0x49
 2145 01b0 13       		.uleb128 0x13
 2146 01b1 3F       		.uleb128 0x3f
 2147 01b2 19       		.uleb128 0x19
 2148 01b3 3C       		.uleb128 0x3c
 2149 01b4 19       		.uleb128 0x19
 2150 01b5 00       		.byte	0
 2151 01b6 00       		.byte	0
 2152 01b7 20       		.uleb128 0x20
 2153 01b8 21       		.uleb128 0x21
 2154 01b9 00       		.byte	0
 2155 01ba 00       		.byte	0
 2156 01bb 00       		.byte	0
 2157 01bc 21       		.uleb128 0x21
 2158 01bd 15       		.uleb128 0x15
 2159 01be 01       		.byte	0x1
 2160 01bf 27       		.uleb128 0x27
 2161 01c0 19       		.uleb128 0x19
 2162 01c1 49       		.uleb128 0x49
 2163 01c2 13       		.uleb128 0x13
 2164 01c3 01       		.uleb128 0x1
 2165 01c4 13       		.uleb128 0x13
 2166 01c5 00       		.byte	0
ARM GAS  /tmp/cc3rQoLT.s 			page 39


 2167 01c6 00       		.byte	0
 2168 01c7 22       		.uleb128 0x22
 2169 01c8 16       		.uleb128 0x16
 2170 01c9 00       		.byte	0
 2171 01ca 03       		.uleb128 0x3
 2172 01cb 0E       		.uleb128 0xe
 2173 01cc 3A       		.uleb128 0x3a
 2174 01cd 0B       		.uleb128 0xb
 2175 01ce 3B       		.uleb128 0x3b
 2176 01cf 05       		.uleb128 0x5
 2177 01d0 39       		.uleb128 0x39
 2178 01d1 0B       		.uleb128 0xb
 2179 01d2 49       		.uleb128 0x49
 2180 01d3 13       		.uleb128 0x13
 2181 01d4 00       		.byte	0
 2182 01d5 00       		.byte	0
 2183 01d6 00       		.byte	0
 2184              		.section	.debug_aranges,"",%progbits
 2185 0000 14000000 		.4byte	0x14
 2186 0004 0200     		.2byte	0x2
 2187 0006 00000000 		.4byte	.Ldebug_info0
 2188 000a 04       		.byte	0x4
 2189 000b 00       		.byte	0
 2190 000c 0000     		.2byte	0
 2191 000e 0000     		.2byte	0
 2192 0010 00000000 		.4byte	0
 2193 0014 00000000 		.4byte	0
 2194              		.section	.debug_line,"",%progbits
 2195              	.Ldebug_line0:
 2196 0000 63030000 		.section	.debug_str,"MS",%progbits,1
 2196      03005D03 
 2196      00000201 
 2196      FB0E0D00 
 2196      01010101 
 2197              	.LASF54:
 2198 0000 72656164 		.ascii	"ready_list_t\000"
 2198      795F6C69 
 2198      73745F74 
 2198      00
 2199              	.LASF144:
 2200 000d 63685F6F 		.ascii	"ch_objects_factory\000"
 2200      626A6563 
 2200      74735F66 
 2200      6163746F 
 2200      727900
 2201              	.LASF98:
 2202 0020 7264796D 		.ascii	"rdymsg\000"
 2202      736700
 2203              	.LASF20:
 2204 0027 75696E74 		.ascii	"uint64_t\000"
 2204      36345F74 
 2204      00
 2205              	.LASF5:
 2206 0030 5F5F7569 		.ascii	"__uint8_t\000"
 2206      6E74385F 
 2206      7400
 2207              	.LASF53:
ARM GAS  /tmp/cc3rQoLT.s 			page 40


 2208 003a 70726576 		.ascii	"prev\000"
 2208      00
 2209              	.LASF81:
 2210 003f 706F7274 		.ascii	"port_intctx\000"
 2210      5F696E74 
 2210      63747800 
 2211              	.LASF72:
 2212 004b 76746C69 		.ascii	"vtlist\000"
 2212      737400
 2213              	.LASF138:
 2214 0052 70726F76 		.ascii	"provider\000"
 2214      69646572 
 2214      00
 2215              	.LASF88:
 2216 005b 74797065 		.ascii	"type\000"
 2216      00
 2217              	.LASF148:
 2218 0060 73656D5F 		.ascii	"sem_list\000"
 2218      6C697374 
 2218      00
 2219              	.LASF130:
 2220 0069 6D656D67 		.ascii	"memgetfunc_t\000"
 2220      65746675 
 2220      6E635F74 
 2220      00
 2221              	.LASF92:
 2222 0076 73757370 		.ascii	"suspended\000"
 2222      656E6465 
 2222      6400
 2223              	.LASF86:
 2224 0080 68616C74 		.ascii	"halt\000"
 2224      00
 2225              	.LASF73:
 2226 0085 6D61696E 		.ascii	"mainthread\000"
 2226      74687265 
 2226      616400
 2227              	.LASF101:
 2228 0090 73656E74 		.ascii	"sentmsg\000"
 2228      6D736700 
 2229              	.LASF60:
 2230 0098 64656C74 		.ascii	"delta\000"
 2230      6100
 2231              	.LASF76:
 2232 009e 49544D5F 		.ascii	"ITM_RxBuffer\000"
 2232      52784275 
 2232      66666572 
 2232      00
 2233              	.LASF50:
 2234 00ab 6E657874 		.ascii	"next\000"
 2234      00
 2235              	.LASF52:
 2236 00b0 63685F74 		.ascii	"ch_threads_queue\000"
 2236      68726561 
 2236      64735F71 
 2236      75657565 
 2236      00
 2237              	.LASF150:
ARM GAS  /tmp/cc3rQoLT.s 			page 41


 2238 00c1 6D62785F 		.ascii	"mbx_list\000"
 2238      6C697374 
 2238      00
 2239              	.LASF78:
 2240 00ca 53797374 		.ascii	"SystemD2Clock\000"
 2240      656D4432 
 2240      436C6F63 
 2240      6B00
 2241              	.LASF131:
 2242 00d8 62617365 		.ascii	"basemem\000"
 2242      6D656D00 
 2243              	.LASF1:
 2244 00e0 6C6F6E67 		.ascii	"long long int\000"
 2244      206C6F6E 
 2244      6720696E 
 2244      7400
 2245              	.LASF3:
 2246 00ee 7369676E 		.ascii	"signed char\000"
 2246      65642063 
 2246      68617200 
 2247              	.LASF13:
 2248 00fa 6C6F6E67 		.ascii	"long unsigned int\000"
 2248      20756E73 
 2248      69676E65 
 2248      6420696E 
 2248      7400
 2249              	.LASF93:
 2250 010c 73697A65 		.ascii	"size\000"
 2250      00
 2251              	.LASF15:
 2252 0111 6C6F6E67 		.ascii	"long long unsigned int\000"
 2252      206C6F6E 
 2252      6720756E 
 2252      7369676E 
 2252      65642069 
 2253              	.LASF37:
 2254 0128 73746174 		.ascii	"state\000"
 2254      6500
 2255              	.LASF11:
 2256 012e 6C6F6E67 		.ascii	"long int\000"
 2256      20696E74 
 2256      00
 2257              	.LASF23:
 2258 0137 74737461 		.ascii	"tstate_t\000"
 2258      74655F74 
 2258      00
 2259              	.LASF91:
 2260 0140 63685F74 		.ascii	"ch_trace_event_t\000"
 2260      72616365 
 2260      5F657665 
 2260      6E745F74 
 2260      00
 2261              	.LASF61:
 2262 0151 66756E63 		.ascii	"func\000"
 2262      00
 2263              	.LASF17:
 2264 0156 75696E74 		.ascii	"uint16_t\000"
ARM GAS  /tmp/cc3rQoLT.s 			page 42


 2264      31365F74 
 2264      00
 2265              	.LASF126:
 2266 015f 63686465 		.ascii	"chdebug_t\000"
 2266      6275675F 
 2266      7400
 2267              	.LASF124:
 2268 0169 6F66665F 		.ascii	"off_preempt\000"
 2268      70726565 
 2268      6D707400 
 2269              	.LASF94:
 2270 0175 62756666 		.ascii	"buffer\000"
 2270      657200
 2271              	.LASF99:
 2272 017c 65786974 		.ascii	"exitcode\000"
 2272      636F6465 
 2272      00
 2273              	.LASF12:
 2274 0185 5F5F7569 		.ascii	"__uint32_t\000"
 2274      6E743332 
 2274      5F7400
 2275              	.LASF157:
 2276 0190 2F686F6D 		.ascii	"/home/nicolas/source/akso-sub/axoloti/firmware/moun"
 2276      652F6E69 
 2276      636F6C61 
 2276      732F736F 
 2276      75726365 
 2277 01c3 74657200 		.ascii	"ter\000"
 2278              	.LASF4:
 2279 01c7 73697A65 		.ascii	"size_t\000"
 2279      5F7400
 2280              	.LASF40:
 2281 01ce 77616974 		.ascii	"waiting\000"
 2281      696E6700 
 2282              	.LASF110:
 2283 01d6 7A65726F 		.ascii	"zero\000"
 2283      00
 2284              	.LASF128:
 2285 01db 6D757465 		.ascii	"mutex_t\000"
 2285      785F7400 
 2286              	.LASF137:
 2287 01e3 616C6967 		.ascii	"align\000"
 2287      6E00
 2288              	.LASF75:
 2289 01e9 73797369 		.ascii	"sysinterval_t\000"
 2289      6E746572 
 2289      76616C5F 
 2289      7400
 2290              	.LASF63:
 2291 01f7 63685F76 		.ascii	"ch_virtual_timers_list\000"
 2291      69727475 
 2291      616C5F74 
 2291      696D6572 
 2291      735F6C69 
 2292              	.LASF28:
 2293 020e 636E745F 		.ascii	"cnt_t\000"
 2293      7400
ARM GAS  /tmp/cc3rQoLT.s 			page 43


 2294              	.LASF41:
 2295 0214 6D736771 		.ascii	"msgqueue\000"
 2295      75657565 
 2295      00
 2296              	.LASF0:
 2297 021d 756E7369 		.ascii	"unsigned int\000"
 2297      676E6564 
 2297      20696E74 
 2297      00
 2298              	.LASF77:
 2299 022a 53797374 		.ascii	"SystemCoreClock\000"
 2299      656D436F 
 2299      7265436C 
 2299      6F636B00 
 2300              	.LASF102:
 2301 023a 77747365 		.ascii	"wtsemp\000"
 2301      6D7000
 2302              	.LASF79:
 2303 0241 4431436F 		.ascii	"D1CorePrescTable\000"
 2303      72655072 
 2303      65736354 
 2303      61626C65 
 2303      00
 2304              	.LASF65:
 2305 0252 73797374 		.ascii	"system_debug_t\000"
 2305      656D5F64 
 2305      65627567 
 2305      5F7400
 2306              	.LASF153:
 2307 0261 6F626A65 		.ascii	"objects_factory_t\000"
 2307      6374735F 
 2307      66616374 
 2307      6F72795F 
 2307      7400
 2308              	.LASF132:
 2309 0273 746F706D 		.ascii	"topmem\000"
 2309      656D00
 2310              	.LASF127:
 2311 027a 63685F64 		.ascii	"ch_debug\000"
 2311      65627567 
 2311      00
 2312              	.LASF139:
 2313 0283 6D656D6F 		.ascii	"memory_pool_t\000"
 2313      72795F70 
 2313      6F6F6C5F 
 2313      7400
 2314              	.LASF35:
 2315 0291 6E616D65 		.ascii	"name\000"
 2315      00
 2316              	.LASF31:
 2317 0296 71756575 		.ascii	"queue\000"
 2317      6500
 2318              	.LASF45:
 2319 029c 6D706F6F 		.ascii	"mpool\000"
 2319      6C00
 2320              	.LASF123:
 2321 02a2 6F66665F 		.ascii	"off_refs\000"
ARM GAS  /tmp/cc3rQoLT.s 			page 44


 2321      72656673 
 2321      00
 2322              	.LASF147:
 2323 02ab 6275665F 		.ascii	"buf_list\000"
 2323      6C697374 
 2323      00
 2324              	.LASF48:
 2325 02b4 63685F74 		.ascii	"ch_thread\000"
 2325      68726561 
 2325      6400
 2326              	.LASF26:
 2327 02be 6D73675F 		.ascii	"msg_t\000"
 2327      7400
 2328              	.LASF29:
 2329 02c4 75636E74 		.ascii	"ucnt_t\000"
 2329      5F7400
 2330              	.LASF42:
 2331 02cb 6570656E 		.ascii	"epending\000"
 2331      64696E67 
 2331      00
 2332              	.LASF143:
 2333 02d4 64796E5F 		.ascii	"dyn_list_t\000"
 2333      6C697374 
 2333      5F7400
 2334              	.LASF69:
 2335 02df 63685F73 		.ascii	"ch_system_t\000"
 2335      79737465 
 2335      6D5F7400 
 2336              	.LASF116:
 2337 02eb 6F66665F 		.ascii	"off_ctx\000"
 2337      63747800 
 2338              	.LASF22:
 2339 02f3 746D6F64 		.ascii	"tmode_t\000"
 2339      655F7400 
 2340              	.LASF55:
 2341 02fb 63685F72 		.ascii	"ch_ready_list\000"
 2341      65616479 
 2341      5F6C6973 
 2341      7400
 2342              	.LASF27:
 2343 0309 6576656E 		.ascii	"eventmask_t\000"
 2343      746D6173 
 2343      6B5F7400 
 2344              	.LASF119:
 2345 0315 6F66665F 		.ascii	"off_name\000"
 2345      6E616D65 
 2345      00
 2346              	.LASF10:
 2347 031e 5F5F696E 		.ascii	"__int32_t\000"
 2347      7433325F 
 2347      7400
 2348              	.LASF62:
 2349 0328 76697274 		.ascii	"virtual_timers_list_t\000"
 2349      75616C5F 
 2349      74696D65 
 2349      72735F6C 
 2349      6973745F 
ARM GAS  /tmp/cc3rQoLT.s 			page 45


 2350              	.LASF80:
 2351 033e 73746B61 		.ascii	"stkalign_t\000"
 2351      6C69676E 
 2351      5F7400
 2352              	.LASF33:
 2353 0349 6E657765 		.ascii	"newer\000"
 2353      7200
 2354              	.LASF89:
 2355 034f 72747374 		.ascii	"rtstamp\000"
 2355      616D7000 
 2356              	.LASF44:
 2357 0357 7265616C 		.ascii	"realprio\000"
 2357      7072696F 
 2357      00
 2358              	.LASF111:
 2359 0360 76657273 		.ascii	"version\000"
 2359      696F6E00 
 2360              	.LASF21:
 2361 0368 7274636E 		.ascii	"rtcnt_t\000"
 2361      745F7400 
 2362              	.LASF141:
 2363 0370 64796E5F 		.ascii	"dyn_element_t\000"
 2363      656C656D 
 2363      656E745F 
 2363      7400
 2364              	.LASF134:
 2365 037e 63685F6D 		.ascii	"ch_memcore\000"
 2365      656D636F 
 2365      726500
 2366              	.LASF100:
 2367 0389 77747472 		.ascii	"wttrp\000"
 2367      7000
 2368              	.LASF117:
 2369 038f 6F66665F 		.ascii	"off_newer\000"
 2369      6E657765 
 2369      7200
 2370              	.LASF97:
 2371 0399 746D5F63 		.ascii	"tm_calibration_t\000"
 2371      616C6962 
 2371      72617469 
 2371      6F6E5F74 
 2371      00
 2372              	.LASF82:
 2373 03aa 706F7274 		.ascii	"port_context\000"
 2373      5F636F6E 
 2373      74657874 
 2373      00
 2374              	.LASF136:
 2375 03b7 6F626A65 		.ascii	"object_size\000"
 2375      63745F73 
 2375      697A6500 
 2376              	.LASF90:
 2377 03c3 74696D65 		.ascii	"time\000"
 2377      00
 2378              	.LASF32:
 2379 03c8 7072696F 		.ascii	"prio\000"
 2379      00
ARM GAS  /tmp/cc3rQoLT.s 			page 46


 2380              	.LASF56:
 2381 03cd 63757272 		.ascii	"current\000"
 2381      656E7400 
 2382              	.LASF14:
 2383 03d5 5F5F7569 		.ascii	"__uint64_t\000"
 2383      6E743634 
 2383      5F7400
 2384              	.LASF133:
 2385 03e0 6D656D63 		.ascii	"memcore_t\000"
 2385      6F72655F 
 2385      7400
 2386              	.LASF155:
 2387 03ea 474E5520 		.ascii	"GNU C17 8.3.1 20190703 (release) [gcc-8-branch revi"
 2387      43313720 
 2387      382E332E 
 2387      31203230 
 2387      31393037 
 2388 041d 73696F6E 		.ascii	"sion 273027] -mcpu=cortex-m7 -mthumb -mfloat-abi=ha"
 2388      20323733 
 2388      3032375D 
 2388      202D6D63 
 2388      70753D63 
 2389 0450 7264202D 		.ascii	"rd -mfpu=fpv4-sp-d16 -march=armv7e-m+fp -ggdb -O2 -"
 2389      6D667075 
 2389      3D667076 
 2389      342D7370 
 2389      2D643136 
 2390 0483 666F6D69 		.ascii	"fomit-frame-pointer -falign-functions=16 -fno-math-"
 2390      742D6672 
 2390      616D652D 
 2390      706F696E 
 2390      74657220 
 2391 04b6 6572726E 		.ascii	"errno\000"
 2391      6F00
 2392              	.LASF24:
 2393 04bc 74726566 		.ascii	"trefs_t\000"
 2393      735F7400 
 2394              	.LASF114:
 2395 04c4 74687265 		.ascii	"threadsize\000"
 2395      61647369 
 2395      7A6500
 2396              	.LASF39:
 2397 04cf 72656673 		.ascii	"refs\000"
 2397      00
 2398              	.LASF58:
 2399 04d4 76697274 		.ascii	"virtual_timer_t\000"
 2399      75616C5F 
 2399      74696D65 
 2399      725F7400 
 2400              	.LASF140:
 2401 04e4 63685F64 		.ascii	"ch_dyn_element\000"
 2401      796E5F65 
 2401      6C656D65 
 2401      6E7400
 2402              	.LASF25:
 2403 04f3 74707269 		.ascii	"tprio_t\000"
 2403      6F5F7400 
ARM GAS  /tmp/cc3rQoLT.s 			page 47


 2404              	.LASF87:
 2405 04fb 75736572 		.ascii	"user\000"
 2405      00
 2406              	.LASF66:
 2407 0500 63685F73 		.ascii	"ch_system_debug\000"
 2407      79737465 
 2407      6D5F6465 
 2407      62756700 
 2408              	.LASF129:
 2409 0510 5F426F6F 		.ascii	"_Bool\000"
 2409      6C00
 2410              	.LASF18:
 2411 0516 696E7433 		.ascii	"int32_t\000"
 2411      325F7400 
 2412              	.LASF95:
 2413 051e 63685F74 		.ascii	"ch_trace_buffer_t\000"
 2413      72616365 
 2413      5F627566 
 2413      6665725F 
 2413      7400
 2414              	.LASF115:
 2415 0530 6F66665F 		.ascii	"off_prio\000"
 2415      7072696F 
 2415      00
 2416              	.LASF120:
 2417 0539 6F66665F 		.ascii	"off_stklimit\000"
 2417      73746B6C 
 2417      696D6974 
 2417      00
 2418              	.LASF7:
 2419 0546 73686F72 		.ascii	"short int\000"
 2419      7420696E 
 2419      7400
 2420              	.LASF64:
 2421 0550 6C617374 		.ascii	"lasttime\000"
 2421      74696D65 
 2421      00
 2422              	.LASF83:
 2423 0559 77746F62 		.ascii	"wtobjp\000"
 2423      6A7000
 2424              	.LASF104:
 2425 0560 65776D61 		.ascii	"ewmask\000"
 2425      736B00
 2426              	.LASF70:
 2427 0567 63685F73 		.ascii	"ch_system\000"
 2427      79737465 
 2427      6D00
 2428              	.LASF154:
 2429 0571 63685F66 		.ascii	"ch_factory\000"
 2429      6163746F 
 2429      727900
 2430              	.LASF9:
 2431 057c 73686F72 		.ascii	"short unsigned int\000"
 2431      7420756E 
 2431      7369676E 
 2431      65642069 
 2431      6E7400
ARM GAS  /tmp/cc3rQoLT.s 			page 48


 2432              	.LASF146:
 2433 058f 6F626A5F 		.ascii	"obj_pool\000"
 2433      706F6F6C 
 2433      00
 2434              	.LASF85:
 2435 0598 72656173 		.ascii	"reason\000"
 2435      6F6E00
 2436              	.LASF59:
 2437 059f 63685F76 		.ascii	"ch_virtual_timer\000"
 2437      69727475 
 2437      616C5F74 
 2437      696D6572 
 2437      00
 2438              	.LASF105:
 2439 05b0 63685F73 		.ascii	"ch_semaphore\000"
 2439      656D6170 
 2439      686F7265 
 2439      00
 2440              	.LASF125:
 2441 05bd 6F66665F 		.ascii	"off_time\000"
 2441      74696D65 
 2441      00
 2442              	.LASF108:
 2443 05c6 63685F69 		.ascii	"ch_idle_thread_wa\000"
 2443      646C655F 
 2443      74687265 
 2443      61645F77 
 2443      6100
 2444              	.LASF113:
 2445 05d8 74696D65 		.ascii	"timesize\000"
 2445      73697A65 
 2445      00
 2446              	.LASF152:
 2447 05e1 70697065 		.ascii	"pipe_list\000"
 2447      5F6C6973 
 2447      7400
 2448              	.LASF19:
 2449 05eb 75696E74 		.ascii	"uint32_t\000"
 2449      33325F74 
 2449      00
 2450              	.LASF103:
 2451 05f4 77746D74 		.ascii	"wtmtxp\000"
 2451      787000
 2452              	.LASF49:
 2453 05fb 63685F74 		.ascii	"ch_threads_list\000"
 2453      68726561 
 2453      64735F6C 
 2453      69737400 
 2454              	.LASF107:
 2455 060b 6F776E65 		.ascii	"owner\000"
 2455      7200
 2456              	.LASF2:
 2457 0611 6C6F6E67 		.ascii	"long double\000"
 2457      20646F75 
 2457      626C6500 
 2458              	.LASF36:
 2459 061d 77616261 		.ascii	"wabase\000"
ARM GAS  /tmp/cc3rQoLT.s 			page 49


 2459      736500
 2460              	.LASF84:
 2461 0624 63686172 		.ascii	"char\000"
 2461      00
 2462              	.LASF34:
 2463 0629 6F6C6465 		.ascii	"older\000"
 2463      7200
 2464              	.LASF156:
 2465 062f 2E2E2F2E 		.ascii	"../../../external/ChibiOS/os/rt/src/chdebug.c\000"
 2465      2E2F2E2E 
 2465      2F657874 
 2465      65726E61 
 2465      6C2F4368 
 2466              	.LASF145:
 2467 065d 6F626A5F 		.ascii	"obj_list\000"
 2467      6C697374 
 2467      00
 2468              	.LASF8:
 2469 0666 5F5F7569 		.ascii	"__uint16_t\000"
 2469      6E743136 
 2469      5F7400
 2470              	.LASF30:
 2471 0671 74687265 		.ascii	"thread_t\000"
 2471      61645F74 
 2471      00
 2472              	.LASF74:
 2473 067a 73797374 		.ascii	"systime_t\000"
 2473      696D655F 
 2473      7400
 2474              	.LASF16:
 2475 0684 75696E74 		.ascii	"uint8_t\000"
 2475      385F7400 
 2476              	.LASF67:
 2477 068c 70616E69 		.ascii	"panic_msg\000"
 2477      635F6D73 
 2477      6700
 2478              	.LASF96:
 2479 0696 6F666673 		.ascii	"offset\000"
 2479      657400
 2480              	.LASF118:
 2481 069d 6F66665F 		.ascii	"off_older\000"
 2481      6F6C6465 
 2481      7200
 2482              	.LASF142:
 2483 06a7 63685F64 		.ascii	"ch_dyn_list\000"
 2483      796E5F6C 
 2483      69737400 
 2484              	.LASF6:
 2485 06b3 756E7369 		.ascii	"unsigned char\000"
 2485      676E6564 
 2485      20636861 
 2485      7200
 2486              	.LASF109:
 2487 06c1 6964656E 		.ascii	"identifier\000"
 2487      74696669 
 2487      657200
 2488              	.LASF112:
ARM GAS  /tmp/cc3rQoLT.s 			page 50


 2489 06cc 70747273 		.ascii	"ptrsize\000"
 2489      697A6500 
 2490              	.LASF51:
 2491 06d4 74687265 		.ascii	"threads_queue_t\000"
 2491      6164735F 
 2491      71756575 
 2491      655F7400 
 2492              	.LASF135:
 2493 06e4 706F6F6C 		.ascii	"pool_header\000"
 2493      5F686561 
 2493      64657200 
 2494              	.LASF71:
 2495 06f0 726C6973 		.ascii	"rlist\000"
 2495      7400
 2496              	.LASF149:
 2497 06f6 73656D5F 		.ascii	"sem_pool\000"
 2497      706F6F6C 
 2497      00
 2498              	.LASF38:
 2499 06ff 666C6167 		.ascii	"flags\000"
 2499      7300
 2500              	.LASF151:
 2501 0705 6669666F 		.ascii	"fifo_list\000"
 2501      5F6C6973 
 2501      7400
 2502              	.LASF46:
 2503 070f 74687265 		.ascii	"thread_reference_t\000"
 2503      61645F72 
 2503      65666572 
 2503      656E6365 
 2503      5F7400
 2504              	.LASF106:
 2505 0722 63685F6D 		.ascii	"ch_mutex\000"
 2505      75746578 
 2505      00
 2506              	.LASF47:
 2507 072b 74687265 		.ascii	"threads_list_t\000"
 2507      6164735F 
 2507      6C697374 
 2507      5F7400
 2508              	.LASF57:
 2509 073a 76746675 		.ascii	"vtfunc_t\000"
 2509      6E635F74 
 2509      00
 2510              	.LASF121:
 2511 0743 6F66665F 		.ascii	"off_state\000"
 2511      73746174 
 2511      6500
 2512              	.LASF68:
 2513 074d 74726163 		.ascii	"trace_buffer\000"
 2513      655F6275 
 2513      66666572 
 2513      00
 2514              	.LASF122:
 2515 075a 6F66665F 		.ascii	"off_flags\000"
 2515      666C6167 
 2515      7300
ARM GAS  /tmp/cc3rQoLT.s 			page 51


 2516              	.LASF43:
 2517 0764 6D74786C 		.ascii	"mtxlist\000"
 2517      69737400 
 2518              		.ident	"GCC: (GNU Tools for Arm Embedded Processors 8-2019-q3-update) 8.3.1 20190703 (release) [gc
ARM GAS  /tmp/cc3rQoLT.s 			page 52


DEFINED SYMBOLS
                            *ABS*:0000000000000000 chdebug.c

NO UNDEFINED SYMBOLS
